/home/lucas-junges/Documents/clientes/w&co/ihm_v5_server.py:21: DeprecationWarning: websockets.server.WebSocketServerProtocol is deprecated
  from websockets.server import WebSocketServerProtocol
2025-11-09 16:24:03,852 - modbus_client - INFO - Modbus client initialized in LIVE MODE: /dev/ttyUSB1 @ 57600
2025-11-09 16:24:03,853 - modbus_client - INFO - Connected to PLC on /dev/ttyUSB1
2025-11-09 16:24:07,855 - pymodbus.logging - ERROR - No response received after 3 retries, continue with next request
2025-11-09 16:24:07,856 - modbus_client - ERROR - Modbus error reading register 6536: Modbus Error: [Input/Output] No response received after 3 retries, continue with next request
2025-11-09 16:24:07,856 - __main__ - INFO - ✓ Conexão Modbus estabelecida
2025-11-09 16:24:07,857 - __main__ - INFO - 📺 Carregadas 256 telas do screens_map.json
2025-11-09 16:24:07,857 - __main__ - INFO - 🚀 Iniciando IHM v5 Server (Mirror Mode) em ws://localhost:8085
2025-11-09 16:24:07,858 - __main__ - INFO - 📡 Iniciando polling do registro de tela ativa...
2025-11-09 16:24:07,862 - websockets.server - INFO - server listening on 127.0.0.1:8085
2025-11-09 16:24:07,862 - __main__ - INFO - ✓ IHM v5 Server rodando em ws://localhost:8085
2025-11-09 16:24:07,862 - __main__ - INFO - 📱 Abra ihm_v5.html no navegador
2025-11-09 16:24:07,862 - __main__ - INFO - 🔍 Monitorando registro 0x0FEF do CLP...
2025-11-09 16:24:08,325 - websockets.server - INFO - connection open
2025-11-09 16:24:08,326 - __main__ - INFO - Cliente conectado: ('127.0.0.1', 54308)
2025-11-09 16:24:11,862 - pymodbus.logging - ERROR - Repeating....
2025-11-09 16:24:11,862 - modbus_client - ERROR - Modbus error reading register 4079: Modbus Error: [Input/Output] No response received after 3 retries, continue with next request
2025-11-09 16:24:16,366 - pymodbus.logging - ERROR - No response received after 3 retries, continue with next request
2025-11-09 16:24:16,366 - modbus_client - ERROR - Modbus error reading register 4079: Modbus Error: [Input/Output] No response received after 3 retries, continue with next request
2025-11-09 16:24:20,870 - pymodbus.logging - ERROR - No response received after 3 retries, continue with next request
2025-11-09 16:24:20,870 - modbus_client - ERROR - Modbus error reading register 4079: Modbus Error: [Input/Output] No response received after 3 retries, continue with next request
2025-11-09 16:24:25,375 - pymodbus.logging - ERROR - No response received after 3 retries, continue with next request
2025-11-09 16:24:25,375 - modbus_client - ERROR - Modbus error reading register 4079: Modbus Error: [Input/Output] No response received after 3 retries, continue with next request
2025-11-09 16:24:29,878 - pymodbus.logging - ERROR - No response received after 3 retries, continue with next request
2025-11-09 16:24:29,878 - modbus_client - ERROR - Modbus error reading register 4079: Modbus Error: [Input/Output] No response received after 3 retries, continue with next request
2025-11-09 16:24:34,384 - pymodbus.logging - ERROR - No response received after 3 retries, continue with next request
2025-11-09 16:24:34,384 - modbus_client - ERROR - Modbus error reading register 4079: Modbus Error: [Input/Output] No response received after 3 retries, continue with next request
2025-11-09 16:24:38,887 - modbus_client - ERROR - Modbus error reading register 4079: Modbus Error: [Input/Output] ERROR: No response received of the last requests (default: retries+3), CLOSING CONNECTION.
2025-11-09 16:24:43,389 - modbus_client - ERROR - Modbus error reading register 4079: Modbus Error: [Input/Output] ERROR: No response received of the last requests (default: retries+3), CLOSING CONNECTION.
2025-11-09 16:24:47,893 - modbus_client - ERROR - Modbus error reading register 4079: Modbus Error: [Input/Output] ERROR: No response received of the last requests (default: retries+3), CLOSING CONNECTION.
2025-11-09 16:24:52,395 - modbus_client - ERROR - Modbus error reading register 4079: Modbus Error: [Input/Output] ERROR: No response received of the last requests (default: retries+3), CLOSING CONNECTION.
2025-11-09 16:24:56,900 - modbus_client - ERROR - Modbus error reading register 4079: Modbus Error: [Input/Output] ERROR: No response received of the last requests (default: retries+3), CLOSING CONNECTION.
2025-11-09 16:25:01,403 - modbus_client - ERROR - Modbus error reading register 4079: Modbus Error: [Input/Output] ERROR: No response received of the last requests (default: retries+3), CLOSING CONNECTION.
2025-11-09 16:25:05,907 - modbus_client - ERROR - Modbus error reading register 4079: Modbus Error: [Input/Output] ERROR: No response received of the last requests (default: retries+3), CLOSING CONNECTION.
2025-11-09 16:25:10,410 - modbus_client - ERROR - Modbus error reading register 4079: Modbus Error: [Input/Output] ERROR: No response received of the last requests (default: retries+3), CLOSING CONNECTION.
2025-11-09 16:25:14,913 - modbus_client - ERROR - Modbus error reading register 4079: Modbus Error: [Input/Output] ERROR: No response received of the last requests (default: retries+3), CLOSING CONNECTION.
2025-11-09 16:25:19,417 - modbus_client - ERROR - Modbus error reading register 4079: Modbus Error: [Input/Output] ERROR: No response received of the last requests (default: retries+3), CLOSING CONNECTION.
2025-11-09 16:25:23,922 - modbus_client - ERROR - Modbus error reading register 4079: Modbus Error: [Input/Output] ERROR: No response received of the last requests (default: retries+3), CLOSING CONNECTION.
2025-11-09 16:25:28,427 - modbus_client - ERROR - Modbus error reading register 4079: Modbus Error: [Input/Output] ERROR: No response received of the last requests (default: retries+3), CLOSING CONNECTION.
2025-11-09 16:25:32,932 - modbus_client - ERROR - Modbus error reading register 4079: Modbus Error: [Input/Output] ERROR: No response received of the last requests (default: retries+3), CLOSING CONNECTION.
2025-11-09 16:25:37,435 - modbus_client - ERROR - Modbus error reading register 4079: Modbus Error: [Input/Output] ERROR: No response received of the last requests (default: retries+3), CLOSING CONNECTION.
2025-11-09 16:25:41,939 - modbus_client - ERROR - Modbus error reading register 4079: Modbus Error: [Input/Output] ERROR: No response received of the last requests (default: retries+3), CLOSING CONNECTION.
2025-11-09 16:25:46,442 - modbus_client - ERROR - Modbus error reading register 4079: Modbus Error: [Input/Output] ERROR: No response received of the last requests (default: retries+3), CLOSING CONNECTION.
2025-11-09 16:25:50,945 - modbus_client - ERROR - Modbus error reading register 4079: Modbus Error: [Input/Output] ERROR: No response received of the last requests (default: retries+3), CLOSING CONNECTION.
2025-11-09 16:25:55,448 - modbus_client - ERROR - Modbus error reading register 4079: Modbus Error: [Input/Output] ERROR: No response received of the last requests (default: retries+3), CLOSING CONNECTION.
2025-11-09 16:25:59,952 - modbus_client - ERROR - Modbus error reading register 4079: Modbus Error: [Input/Output] ERROR: No response received of the last requests (default: retries+3), CLOSING CONNECTION.
2025-11-09 16:26:04,455 - modbus_client - ERROR - Modbus error reading register 4079: Modbus Error: [Input/Output] ERROR: No response received of the last requests (default: retries+3), CLOSING CONNECTION.
2025-11-09 16:26:08,959 - modbus_client - ERROR - Modbus error reading register 4079: Modbus Error: [Input/Output] ERROR: No response received of the last requests (default: retries+3), CLOSING CONNECTION.
2025-11-09 16:26:13,462 - modbus_client - ERROR - Modbus error reading register 4079: Modbus Error: [Input/Output] ERROR: No response received of the last requests (default: retries+3), CLOSING CONNECTION.
2025-11-09 16:26:17,967 - modbus_client - ERROR - Modbus error reading register 4079: Modbus Error: [Input/Output] ERROR: No response received of the last requests (default: retries+3), CLOSING CONNECTION.
2025-11-09 16:26:22,470 - modbus_client - ERROR - Modbus error reading register 4079: Modbus Error: [Input/Output] ERROR: No response received of the last requests (default: retries+3), CLOSING CONNECTION.
2025-11-09 16:26:26,975 - modbus_client - ERROR - Modbus error reading register 4079: Modbus Error: [Input/Output] ERROR: No response received of the last requests (default: retries+3), CLOSING CONNECTION.
2025-11-09 16:26:31,477 - modbus_client - ERROR - Modbus error reading register 4079: Modbus Error: [Input/Output] ERROR: No response received of the last requests (default: retries+3), CLOSING CONNECTION.
2025-11-09 16:26:35,982 - modbus_client - ERROR - Modbus error reading register 4079: Modbus Error: [Input/Output] ERROR: No response received of the last requests (default: retries+3), CLOSING CONNECTION.
2025-11-09 16:26:40,484 - modbus_client - ERROR - Modbus error reading register 4079: Modbus Error: [Input/Output] ERROR: No response received of the last requests (default: retries+3), CLOSING CONNECTION.
2025-11-09 16:26:44,988 - modbus_client - ERROR - Modbus error reading register 4079: Modbus Error: [Input/Output] ERROR: No response received of the last requests (default: retries+3), CLOSING CONNECTION.
2025-11-09 16:26:49,492 - modbus_client - ERROR - Modbus error reading register 4079: Modbus Error: [Input/Output] ERROR: No response received of the last requests (default: retries+3), CLOSING CONNECTION.
2025-11-09 16:26:53,997 - modbus_client - ERROR - Modbus error reading register 4079: Modbus Error: [Input/Output] ERROR: No response received of the last requests (default: retries+3), CLOSING CONNECTION.
2025-11-09 16:26:58,501 - modbus_client - ERROR - Modbus error reading register 4079: Modbus Error: [Input/Output] ERROR: No response received of the last requests (default: retries+3), CLOSING CONNECTION.
2025-11-09 16:26:58,795 - websockets.server - INFO - connection open
2025-11-09 16:26:58,795 - __main__ - INFO - Cliente conectado: ('127.0.0.1', 38800)
2025-11-09 16:27:03,006 - modbus_client - ERROR - Modbus error reading register 4079: Modbus Error: [Input/Output] ERROR: No response received of the last requests (default: retries+3), CLOSING CONNECTION.
2025-11-09 16:27:07,509 - modbus_client - ERROR - Modbus error reading register 4079: Modbus Error: [Input/Output] ERROR: No response received of the last requests (default: retries+3), CLOSING CONNECTION.
2025-11-09 16:27:12,014 - modbus_client - ERROR - Modbus error reading register 4079: Modbus Error: [Input/Output] ERROR: No response received of the last requests (default: retries+3), CLOSING CONNECTION.
2025-11-09 16:27:14,058 - __main__ - INFO - ⌨️  Tecla pressionada: 160
2025-11-09 16:27:16,518 - modbus_client - ERROR - Modbus error reading register 4079: Modbus Error: [Input/Output] ERROR: No response received of the last requests (default: retries+3), CLOSING CONNECTION.
2025-11-09 16:27:20,520 - modbus_client - ERROR - Modbus error writing coil 160: Modbus Error: [Input/Output] ERROR: No response received of the last requests (default: retries+3), CLOSING CONNECTION.
2025-11-09 16:27:24,523 - modbus_client - ERROR - Modbus error reading register 4079: Modbus Error: [Input/Output] ERROR: No response received of the last requests (default: retries+3), CLOSING CONNECTION.
2025-11-09 16:27:28,526 - modbus_client - ERROR - Modbus error writing coil 160: Modbus Error: [Input/Output] ERROR: No response received of the last requests (default: retries+3), CLOSING CONNECTION.
2025-11-09 16:27:28,526 - __main__ - INFO - ✓ Tecla 160 enviada ao CLP
2025-11-09 16:27:28,526 - __main__ - INFO - ⌨️  Tecla pressionada: 161
2025-11-09 16:27:32,529 - modbus_client - ERROR - Modbus error reading register 4079: Modbus Error: [Input/Output] ERROR: No response received of the last requests (default: retries+3), CLOSING CONNECTION.
2025-11-09 16:27:36,532 - modbus_client - ERROR - Modbus error writing coil 161: Modbus Error: [Input/Output] ERROR: No response received of the last requests (default: retries+3), CLOSING CONNECTION.
2025-11-09 16:27:40,533 - modbus_client - ERROR - Modbus error reading register 4079: Modbus Error: [Input/Output] ERROR: No response received of the last requests (default: retries+3), CLOSING CONNECTION.
2025-11-09 16:27:44,536 - modbus_client - ERROR - Modbus error writing coil 161: Modbus Error: [Input/Output] ERROR: No response received of the last requests (default: retries+3), CLOSING CONNECTION.
2025-11-09 16:27:44,536 - __main__ - INFO - ✓ Tecla 161 enviada ao CLP
2025-11-09 16:27:44,537 - __main__ - INFO - ⌨️  Tecla pressionada: 162
2025-11-09 16:27:48,539 - modbus_client - ERROR - Modbus error reading register 4079: Modbus Error: [Input/Output] ERROR: No response received of the last requests (default: retries+3), CLOSING CONNECTION.
2025-11-09 16:27:52,542 - modbus_client - ERROR - Modbus error writing coil 162: Modbus Error: [Input/Output] ERROR: No response received of the last requests (default: retries+3), CLOSING CONNECTION.
2025-11-09 16:27:56,545 - modbus_client - ERROR - Modbus error reading register 4079: Modbus Error: [Input/Output] ERROR: No response received of the last requests (default: retries+3), CLOSING CONNECTION.
2025-11-09 16:28:00,550 - modbus_client - ERROR - Modbus error writing coil 162: Modbus Error: [Input/Output] ERROR: No response received of the last requests (default: retries+3), CLOSING CONNECTION.
2025-11-09 16:28:00,550 - __main__ - INFO - ✓ Tecla 162 enviada ao CLP
2025-11-09 16:28:00,804 - websockets.server - INFO - connection open
2025-11-09 16:28:00,804 - __main__ - INFO - Cliente conectado: ('127.0.0.1', 51280)
2025-11-09 16:28:04,554 - modbus_client - ERROR - Modbus error reading register 4079: Modbus Error: [Input/Output] ERROR: No response received of the last requests (default: retries+3), CLOSING CONNECTION.
2025-11-09 16:28:08,802 - __main__ - ERROR - Erro ao processar mensagem: sent 1011 (internal error) keepalive ping timeout; no close frame received
2025-11-09 16:28:08,802 - __main__ - INFO - ⌨️  Tecla pressionada: 169
2025-11-09 16:28:09,057 - modbus_client - ERROR - Modbus error reading register 4079: Modbus Error: [Input/Output] ERROR: No response received of the last requests (default: retries+3), CLOSING CONNECTION.
2025-11-09 16:28:13,060 - modbus_client - ERROR - Modbus error writing coil 169: Modbus Error: [Input/Output] ERROR: No response received of the last requests (default: retries+3), CLOSING CONNECTION.
2025-11-09 16:28:17,064 - modbus_client - ERROR - Modbus error reading register 4079: Modbus Error: [Input/Output] ERROR: No response received of the last requests (default: retries+3), CLOSING CONNECTION.
2025-11-09 16:28:21,066 - modbus_client - ERROR - Modbus error writing coil 169: Modbus Error: [Input/Output] ERROR: No response received of the last requests (default: retries+3), CLOSING CONNECTION.
2025-11-09 16:28:21,066 - __main__ - INFO - ✓ Tecla 169 enviada ao CLP
2025-11-09 16:28:21,066 - __main__ - ERROR - Erro ao processar mensagem: sent 1011 (internal error) keepalive ping timeout; no close frame received
2025-11-09 16:28:21,067 - __main__ - ERROR - Erro ao processar mensagem: sent 1011 (internal error) keepalive ping timeout; no close frame received
2025-11-09 16:28:21,067 - __main__ - INFO - ⌨️  Tecla pressionada: 176
2025-11-09 16:28:25,070 - modbus_client - ERROR - Modbus error reading register 4079: Modbus Error: [Input/Output] ERROR: No response received of the last requests (default: retries+3), CLOSING CONNECTION.
2025-11-09 16:28:29,072 - modbus_client - ERROR - Modbus error writing coil 176: Modbus Error: [Input/Output] ERROR: No response received of the last requests (default: retries+3), CLOSING CONNECTION.
2025-11-09 16:28:33,075 - modbus_client - ERROR - Modbus error reading register 4079: Modbus Error: [Input/Output] ERROR: No response received of the last requests (default: retries+3), CLOSING CONNECTION.
2025-11-09 16:28:37,078 - modbus_client - ERROR - Modbus error writing coil 176: Modbus Error: [Input/Output] ERROR: No response received of the last requests (default: retries+3), CLOSING CONNECTION.
2025-11-09 16:28:37,078 - __main__ - INFO - ✓ Tecla 176 enviada ao CLP
2025-11-09 16:28:37,079 - __main__ - ERROR - Erro ao processar mensagem: sent 1011 (internal error) keepalive ping timeout; no close frame received
2025-11-09 16:28:37,079 - __main__ - ERROR - Erro ao processar mensagem: sent 1011 (internal error) keepalive ping timeout; no close frame received
2025-11-09 16:28:37,079 - __main__ - INFO - ⌨️  Tecla pressionada: 177
2025-11-09 16:28:41,081 - modbus_client - ERROR - Modbus error reading register 4079: Modbus Error: [Input/Output] ERROR: No response received of the last requests (default: retries+3), CLOSING CONNECTION.
2025-11-09 16:28:45,083 - modbus_client - ERROR - Modbus error writing coil 177: Modbus Error: [Input/Output] ERROR: No response received of the last requests (default: retries+3), CLOSING CONNECTION.
2025-11-09 16:28:49,087 - modbus_client - ERROR - Modbus error reading register 4079: Modbus Error: [Input/Output] ERROR: No response received of the last requests (default: retries+3), CLOSING CONNECTION.
2025-11-09 16:28:53,089 - modbus_client - ERROR - Modbus error writing coil 177: Modbus Error: [Input/Output] ERROR: No response received of the last requests (default: retries+3), CLOSING CONNECTION.
2025-11-09 16:28:53,090 - __main__ - INFO - ✓ Tecla 177 enviada ao CLP
2025-11-09 16:28:53,090 - __main__ - ERROR - Erro ao processar mensagem: sent 1011 (internal error) keepalive ping timeout; no close frame received
2025-11-09 16:28:53,090 - __main__ - ERROR - Erro ao processar mensagem: sent 1011 (internal error) keepalive ping timeout; no close frame received
2025-11-09 16:28:53,090 - __main__ - INFO - ⌨️  Tecla pressionada: 37
2025-11-09 16:28:57,093 - modbus_client - ERROR - Modbus error reading register 4079: Modbus Error: [Input/Output] ERROR: No response received of the last requests (default: retries+3), CLOSING CONNECTION.
2025-11-09 16:29:01,097 - modbus_client - ERROR - Modbus error writing coil 37: Modbus Error: [Input/Output] ERROR: No response received of the last requests (default: retries+3), CLOSING CONNECTION.
2025-11-09 16:29:05,101 - modbus_client - ERROR - Modbus error reading register 4079: Modbus Error: [Input/Output] ERROR: No response received of the last requests (default: retries+3), CLOSING CONNECTION.
2025-11-09 16:29:09,103 - modbus_client - ERROR - Modbus error writing coil 37: Modbus Error: [Input/Output] ERROR: No response received of the last requests (default: retries+3), CLOSING CONNECTION.
2025-11-09 16:29:09,104 - __main__ - INFO - ✓ Tecla 37 enviada ao CLP
2025-11-09 16:29:09,104 - __main__ - ERROR - Erro ao processar mensagem: sent 1011 (internal error) keepalive ping timeout; no close frame received
2025-11-09 16:29:09,104 - __main__ - ERROR - Erro ao processar mensagem: sent 1011 (internal error) keepalive ping timeout; no close frame received
2025-11-09 16:29:09,104 - __main__ - ERROR - Erro ao processar mensagem: sent 1011 (internal error) keepalive ping timeout; no close frame received
2025-11-09 16:29:09,104 - __main__ - INFO - Cliente desconectado: ('127.0.0.1', 38800)
2025-11-09 16:29:13,106 - modbus_client - ERROR - Modbus error reading register 4079: Modbus Error: [Input/Output] ERROR: No response received of the last requests (default: retries+3), CLOSING CONNECTION.
2025-11-09 16:29:17,609 - modbus_client - ERROR - Modbus error reading register 4079: Modbus Error: [Input/Output] ERROR: No response received of the last requests (default: retries+3), CLOSING CONNECTION.
2025-11-09 16:29:22,114 - modbus_client - ERROR - Modbus error reading register 4079: Modbus Error: [Input/Output] ERROR: No response received of the last requests (default: retries+3), CLOSING CONNECTION.
2025-11-09 16:29:26,617 - modbus_client - ERROR - Modbus error reading register 4079: Modbus Error: [Input/Output] ERROR: No response received of the last requests (default: retries+3), CLOSING CONNECTION.
2025-11-09 16:29:31,120 - modbus_client - ERROR - Modbus error reading register 4079: Modbus Error: [Input/Output] ERROR: No response received of the last requests (default: retries+3), CLOSING CONNECTION.
2025-11-09 16:29:35,626 - modbus_client - ERROR - Modbus error reading register 4079: Modbus Error: [Input/Output] ERROR: No response received of the last requests (default: retries+3), CLOSING CONNECTION.
2025-11-09 16:29:40,129 - modbus_client - ERROR - Modbus error reading register 4079: Modbus Error: [Input/Output] ERROR: No response received of the last requests (default: retries+3), CLOSING CONNECTION.
2025-11-09 16:29:44,632 - modbus_client - ERROR - Modbus error reading register 4079: Modbus Error: [Input/Output] ERROR: No response received of the last requests (default: retries+3), CLOSING CONNECTION.
2025-11-09 16:29:49,136 - modbus_client - ERROR - Modbus error reading register 4079: Modbus Error: [Input/Output] ERROR: No response received of the last requests (default: retries+3), CLOSING CONNECTION.
2025-11-09 16:29:53,641 - modbus_client - ERROR - Modbus error reading register 4079: Modbus Error: [Input/Output] ERROR: No response received of the last requests (default: retries+3), CLOSING CONNECTION.
2025-11-09 16:29:58,145 - modbus_client - ERROR - Modbus error reading register 4079: Modbus Error: [Input/Output] ERROR: No response received of the last requests (default: retries+3), CLOSING CONNECTION.
2025-11-09 16:30:02,650 - modbus_client - ERROR - Modbus error reading register 4079: Modbus Error: [Input/Output] ERROR: No response received of the last requests (default: retries+3), CLOSING CONNECTION.
2025-11-09 16:30:07,153 - modbus_client - ERROR - Modbus error reading register 4079: Modbus Error: [Input/Output] ERROR: No response received of the last requests (default: retries+3), CLOSING CONNECTION.
2025-11-09 16:30:11,657 - modbus_client - ERROR - Modbus error reading register 4079: Modbus Error: [Input/Output] ERROR: No response received of the last requests (default: retries+3), CLOSING CONNECTION.
2025-11-09 16:30:16,162 - modbus_client - ERROR - Modbus error reading register 4079: Modbus Error: [Input/Output] ERROR: No response received of the last requests (default: retries+3), CLOSING CONNECTION.
2025-11-09 16:30:20,666 - modbus_client - ERROR - Modbus error reading register 4079: Modbus Error: [Input/Output] ERROR: No response received of the last requests (default: retries+3), CLOSING CONNECTION.
2025-11-09 16:30:25,170 - modbus_client - ERROR - Modbus error reading register 4079: Modbus Error: [Input/Output] ERROR: No response received of the last requests (default: retries+3), CLOSING CONNECTION.
2025-11-09 16:30:29,673 - modbus_client - ERROR - Modbus error reading register 4079: Modbus Error: [Input/Output] ERROR: No response received of the last requests (default: retries+3), CLOSING CONNECTION.
2025-11-09 16:30:34,176 - modbus_client - ERROR - Modbus error reading register 4079: Modbus Error: [Input/Output] ERROR: No response received of the last requests (default: retries+3), CLOSING CONNECTION.
2025-11-09 16:30:38,680 - modbus_client - ERROR - Modbus error reading register 4079: Modbus Error: [Input/Output] ERROR: No response received of the last requests (default: retries+3), CLOSING CONNECTION.
2025-11-09 16:30:43,185 - modbus_client - ERROR - Modbus error reading register 4079: Modbus Error: [Input/Output] ERROR: No response received of the last requests (default: retries+3), CLOSING CONNECTION.
2025-11-09 16:30:47,689 - modbus_client - ERROR - Modbus error reading register 4079: Modbus Error: [Input/Output] ERROR: No response received of the last requests (default: retries+3), CLOSING CONNECTION.
2025-11-09 16:30:52,191 - modbus_client - ERROR - Modbus error reading register 4079: Modbus Error: [Input/Output] ERROR: No response received of the last requests (default: retries+3), CLOSING CONNECTION.
2025-11-09 16:30:56,696 - modbus_client - ERROR - Modbus error reading register 4079: Modbus Error: [Input/Output] ERROR: No response received of the last requests (default: retries+3), CLOSING CONNECTION.
2025-11-09 16:31:01,200 - modbus_client - ERROR - Modbus error reading register 4079: Modbus Error: [Input/Output] ERROR: No response received of the last requests (default: retries+3), CLOSING CONNECTION.
2025-11-09 16:31:05,703 - modbus_client - ERROR - Modbus error reading register 4079: Modbus Error: [Input/Output] ERROR: No response received of the last requests (default: retries+3), CLOSING CONNECTION.
2025-11-09 16:31:10,208 - modbus_client - ERROR - Modbus error reading register 4079: Modbus Error: [Input/Output] ERROR: No response received of the last requests (default: retries+3), CLOSING CONNECTION.
2025-11-09 16:31:14,712 - modbus_client - ERROR - Modbus error reading register 4079: Modbus Error: [Input/Output] ERROR: No response received of the last requests (default: retries+3), CLOSING CONNECTION.
2025-11-09 16:31:19,216 - modbus_client - ERROR - Modbus error reading register 4079: Modbus Error: [Input/Output] ERROR: No response received of the last requests (default: retries+3), CLOSING CONNECTION.
2025-11-09 16:31:23,721 - modbus_client - ERROR - Modbus error reading register 4079: Modbus Error: [Input/Output] ERROR: No response received of the last requests (default: retries+3), CLOSING CONNECTION.
2025-11-09 16:31:28,225 - modbus_client - ERROR - Modbus error reading register 4079: Modbus Error: [Input/Output] ERROR: No response received of the last requests (default: retries+3), CLOSING CONNECTION.
2025-11-09 16:31:32,728 - modbus_client - ERROR - Modbus error reading register 4079: Modbus Error: [Input/Output] ERROR: No response received of the last requests (default: retries+3), CLOSING CONNECTION.
2025-11-09 16:31:37,233 - modbus_client - ERROR - Modbus error reading register 4079: Modbus Error: [Input/Output] ERROR: No response received of the last requests (default: retries+3), CLOSING CONNECTION.
2025-11-09 16:31:41,736 - modbus_client - ERROR - Modbus error reading register 4079: Modbus Error: [Input/Output] ERROR: No response received of the last requests (default: retries+3), CLOSING CONNECTION.
2025-11-09 16:31:46,240 - modbus_client - ERROR - Modbus error reading register 4079: Modbus Error: [Input/Output] ERROR: No response received of the last requests (default: retries+3), CLOSING CONNECTION.
2025-11-09 16:31:50,746 - modbus_client - ERROR - Modbus error reading register 4079: Modbus Error: [Input/Output] ERROR: No response received of the last requests (default: retries+3), CLOSING CONNECTION.
2025-11-09 16:31:55,250 - modbus_client - ERROR - Modbus error reading register 4079: Modbus Error: [Input/Output] ERROR: No response received of the last requests (default: retries+3), CLOSING CONNECTION.
2025-11-09 16:31:59,754 - modbus_client - ERROR - Modbus error reading register 4079: Modbus Error: [Input/Output] ERROR: No response received of the last requests (default: retries+3), CLOSING CONNECTION.
2025-11-09 16:32:04,259 - modbus_client - ERROR - Modbus error reading register 4079: Modbus Error: [Input/Output] ERROR: No response received of the last requests (default: retries+3), CLOSING CONNECTION.
2025-11-09 16:32:08,762 - modbus_client - ERROR - Modbus error reading register 4079: Modbus Error: [Input/Output] ERROR: No response received of the last requests (default: retries+3), CLOSING CONNECTION.
2025-11-09 16:32:13,266 - modbus_client - ERROR - Modbus error reading register 4079: Modbus Error: [Input/Output] ERROR: No response received of the last requests (default: retries+3), CLOSING CONNECTION.
2025-11-09 16:32:17,772 - modbus_client - ERROR - Modbus error reading register 4079: Modbus Error: [Input/Output] ERROR: No response received of the last requests (default: retries+3), CLOSING CONNECTION.
2025-11-09 16:32:22,275 - modbus_client - ERROR - Modbus error reading register 4079: Modbus Error: [Input/Output] ERROR: No response received of the last requests (default: retries+3), CLOSING CONNECTION.
2025-11-09 16:32:26,781 - modbus_client - ERROR - Modbus error reading register 4079: Modbus Error: [Input/Output] ERROR: No response received of the last requests (default: retries+3), CLOSING CONNECTION.
2025-11-09 16:32:31,284 - modbus_client - ERROR - Modbus error reading register 4079: Modbus Error: [Input/Output] ERROR: No response received of the last requests (default: retries+3), CLOSING CONNECTION.
2025-11-09 16:32:35,789 - modbus_client - ERROR - Modbus error reading register 4079: Modbus Error: [Input/Output] ERROR: No response received of the last requests (default: retries+3), CLOSING CONNECTION.
2025-11-09 16:32:40,292 - modbus_client - ERROR - Modbus error reading register 4079: Modbus Error: [Input/Output] ERROR: No response received of the last requests (default: retries+3), CLOSING CONNECTION.
2025-11-09 16:32:44,797 - modbus_client - ERROR - Modbus error reading register 4079: Modbus Error: [Input/Output] ERROR: No response received of the last requests (default: retries+3), CLOSING CONNECTION.
2025-11-09 16:32:49,299 - modbus_client - ERROR - Modbus error reading register 4079: Modbus Error: [Input/Output] ERROR: No response received of the last requests (default: retries+3), CLOSING CONNECTION.
2025-11-09 16:32:53,804 - modbus_client - ERROR - Modbus error reading register 4079: Modbus Error: [Input/Output] ERROR: No response received of the last requests (default: retries+3), CLOSING CONNECTION.
2025-11-09 16:32:58,307 - modbus_client - ERROR - Modbus error reading register 4079: Modbus Error: [Input/Output] ERROR: No response received of the last requests (default: retries+3), CLOSING CONNECTION.
2025-11-09 16:33:02,809 - modbus_client - ERROR - Modbus error reading register 4079: Modbus Error: [Input/Output] ERROR: No response received of the last requests (default: retries+3), CLOSING CONNECTION.
2025-11-09 16:33:07,313 - modbus_client - ERROR - Modbus error reading register 4079: Modbus Error: [Input/Output] ERROR: No response received of the last requests (default: retries+3), CLOSING CONNECTION.
2025-11-09 16:33:11,818 - modbus_client - ERROR - Modbus error reading register 4079: Modbus Error: [Input/Output] ERROR: No response received of the last requests (default: retries+3), CLOSING CONNECTION.
2025-11-09 16:33:16,321 - modbus_client - ERROR - Modbus error reading register 4079: Modbus Error: [Input/Output] ERROR: No response received of the last requests (default: retries+3), CLOSING CONNECTION.
2025-11-09 16:33:20,825 - modbus_client - ERROR - Modbus error reading register 4079: Modbus Error: [Input/Output] ERROR: No response received of the last requests (default: retries+3), CLOSING CONNECTION.
2025-11-09 16:33:25,330 - modbus_client - ERROR - Modbus error reading register 4079: Modbus Error: [Input/Output] ERROR: No response received of the last requests (default: retries+3), CLOSING CONNECTION.
2025-11-09 16:33:29,834 - modbus_client - ERROR - Modbus error reading register 4079: Modbus Error: [Input/Output] ERROR: No response received of the last requests (default: retries+3), CLOSING CONNECTION.
2025-11-09 16:33:34,338 - modbus_client - ERROR - Modbus error reading register 4079: Modbus Error: [Input/Output] ERROR: No response received of the last requests (default: retries+3), CLOSING CONNECTION.
2025-11-09 16:33:38,843 - modbus_client - ERROR - Modbus error reading register 4079: Modbus Error: [Input/Output] ERROR: No response received of the last requests (default: retries+3), CLOSING CONNECTION.
2025-11-09 16:33:43,346 - modbus_client - ERROR - Modbus error reading register 4079: Modbus Error: [Input/Output] ERROR: No response received of the last requests (default: retries+3), CLOSING CONNECTION.
2025-11-09 16:33:47,849 - modbus_client - ERROR - Modbus error reading register 4079: Modbus Error: [Input/Output] ERROR: No response received of the last requests (default: retries+3), CLOSING CONNECTION.
2025-11-09 16:33:52,354 - modbus_client - ERROR - Modbus error reading register 4079: Modbus Error: [Input/Output] ERROR: No response received of the last requests (default: retries+3), CLOSING CONNECTION.
2025-11-09 16:33:56,858 - modbus_client - ERROR - Modbus error reading register 4079: Modbus Error: [Input/Output] ERROR: No response received of the last requests (default: retries+3), CLOSING CONNECTION.
2025-11-09 16:34:01,364 - modbus_client - ERROR - Modbus error reading register 4079: Modbus Error: [Input/Output] ERROR: No response received of the last requests (default: retries+3), CLOSING CONNECTION.
2025-11-09 16:34:05,867 - modbus_client - ERROR - Modbus error reading register 4079: Modbus Error: [Input/Output] ERROR: No response received of the last requests (default: retries+3), CLOSING CONNECTION.
2025-11-09 16:34:10,372 - modbus_client - ERROR - Modbus error reading register 4079: Modbus Error: [Input/Output] ERROR: No response received of the last requests (default: retries+3), CLOSING CONNECTION.
2025-11-09 16:34:14,875 - modbus_client - ERROR - Modbus error reading register 4079: Modbus Error: [Input/Output] ERROR: No response received of the last requests (default: retries+3), CLOSING CONNECTION.
2025-11-09 16:34:19,379 - modbus_client - ERROR - Modbus error reading register 4079: Modbus Error: [Input/Output] ERROR: No response received of the last requests (default: retries+3), CLOSING CONNECTION.
2025-11-09 16:34:23,882 - modbus_client - ERROR - Modbus error reading register 4079: Modbus Error: [Input/Output] ERROR: No response received of the last requests (default: retries+3), CLOSING CONNECTION.
2025-11-09 16:34:28,386 - modbus_client - ERROR - Modbus error reading register 4079: Modbus Error: [Input/Output] ERROR: No response received of the last requests (default: retries+3), CLOSING CONNECTION.
2025-11-09 16:34:32,891 - modbus_client - ERROR - Modbus error reading register 4079: Modbus Error: [Input/Output] ERROR: No response received of the last requests (default: retries+3), CLOSING CONNECTION.
2025-11-09 16:34:37,396 - modbus_client - ERROR - Modbus error reading register 4079: Modbus Error: [Input/Output] ERROR: No response received of the last requests (default: retries+3), CLOSING CONNECTION.
2025-11-09 16:34:41,901 - modbus_client - ERROR - Modbus error reading register 4079: Modbus Error: [Input/Output] ERROR: No response received of the last requests (default: retries+3), CLOSING CONNECTION.
2025-11-09 16:34:46,407 - modbus_client - ERROR - Modbus error reading register 4079: Modbus Error: [Input/Output] ERROR: No response received of the last requests (default: retries+3), CLOSING CONNECTION.
2025-11-09 16:34:50,912 - modbus_client - ERROR - Modbus error reading register 4079: Modbus Error: [Input/Output] ERROR: No response received of the last requests (default: retries+3), CLOSING CONNECTION.
2025-11-09 16:34:55,417 - modbus_client - ERROR - Modbus error reading register 4079: Modbus Error: [Input/Output] ERROR: No response received of the last requests (default: retries+3), CLOSING CONNECTION.
2025-11-09 16:34:59,920 - modbus_client - ERROR - Modbus error reading register 4079: Modbus Error: [Input/Output] ERROR: No response received of the last requests (default: retries+3), CLOSING CONNECTION.
2025-11-09 16:35:04,424 - modbus_client - ERROR - Modbus error reading register 4079: Modbus Error: [Input/Output] ERROR: No response received of the last requests (default: retries+3), CLOSING CONNECTION.
2025-11-09 16:35:08,928 - modbus_client - ERROR - Modbus error reading register 4079: Modbus Error: [Input/Output] ERROR: No response received of the last requests (default: retries+3), CLOSING CONNECTION.
2025-11-09 16:35:13,432 - modbus_client - ERROR - Modbus error reading register 4079: Modbus Error: [Input/Output] ERROR: No response received of the last requests (default: retries+3), CLOSING CONNECTION.
2025-11-09 16:35:17,936 - modbus_client - ERROR - Modbus error reading register 4079: Modbus Error: [Input/Output] ERROR: No response received of the last requests (default: retries+3), CLOSING CONNECTION.
2025-11-09 16:35:22,440 - modbus_client - ERROR - Modbus error reading register 4079: Modbus Error: [Input/Output] ERROR: No response received of the last requests (default: retries+3), CLOSING CONNECTION.
2025-11-09 16:35:26,943 - modbus_client - ERROR - Modbus error reading register 4079: Modbus Error: [Input/Output] ERROR: No response received of the last requests (default: retries+3), CLOSING CONNECTION.
2025-11-09 16:35:31,445 - modbus_client - ERROR - Modbus error reading register 4079: Modbus Error: [Input/Output] ERROR: No response received of the last requests (default: retries+3), CLOSING CONNECTION.
2025-11-09 16:35:35,950 - modbus_client - ERROR - Modbus error reading register 4079: Modbus Error: [Input/Output] ERROR: No response received of the last requests (default: retries+3), CLOSING CONNECTION.
2025-11-09 16:35:40,454 - modbus_client - ERROR - Modbus error reading register 4079: Modbus Error: [Input/Output] ERROR: No response received of the last requests (default: retries+3), CLOSING CONNECTION.
2025-11-09 16:35:44,957 - modbus_client - ERROR - Modbus error reading register 4079: Modbus Error: [Input/Output] ERROR: No response received of the last requests (default: retries+3), CLOSING CONNECTION.
2025-11-09 16:35:49,461 - modbus_client - ERROR - Modbus error reading register 4079: Modbus Error: [Input/Output] ERROR: No response received of the last requests (default: retries+3), CLOSING CONNECTION.
2025-11-09 16:35:53,964 - modbus_client - ERROR - Modbus error reading register 4079: Modbus Error: [Input/Output] ERROR: No response received of the last requests (default: retries+3), CLOSING CONNECTION.
2025-11-09 16:35:58,468 - modbus_client - ERROR - Modbus error reading register 4079: Modbus Error: [Input/Output] ERROR: No response received of the last requests (default: retries+3), CLOSING CONNECTION.
2025-11-09 16:36:02,973 - modbus_client - ERROR - Modbus error reading register 4079: Modbus Error: [Input/Output] ERROR: No response received of the last requests (default: retries+3), CLOSING CONNECTION.
2025-11-09 16:36:07,478 - modbus_client - ERROR - Modbus error reading register 4079: Modbus Error: [Input/Output] ERROR: No response received of the last requests (default: retries+3), CLOSING CONNECTION.
2025-11-09 16:36:11,982 - modbus_client - ERROR - Modbus error reading register 4079: Modbus Error: [Input/Output] ERROR: No response received of the last requests (default: retries+3), CLOSING CONNECTION.
2025-11-09 16:36:16,488 - modbus_client - ERROR - Modbus error reading register 4079: Modbus Error: [Input/Output] ERROR: No response received of the last requests (default: retries+3), CLOSING CONNECTION.
2025-11-09 16:36:20,992 - modbus_client - ERROR - Modbus error reading register 4079: Modbus Error: [Input/Output] ERROR: No response received of the last requests (default: retries+3), CLOSING CONNECTION.
2025-11-09 16:36:25,496 - modbus_client - ERROR - Modbus error reading register 4079: Modbus Error: [Input/Output] ERROR: No response received of the last requests (default: retries+3), CLOSING CONNECTION.
2025-11-09 16:36:30,000 - modbus_client - ERROR - Modbus error reading register 4079: Modbus Error: [Input/Output] ERROR: No response received of the last requests (default: retries+3), CLOSING CONNECTION.
2025-11-09 16:36:34,503 - modbus_client - ERROR - Modbus error reading register 4079: Modbus Error: [Input/Output] ERROR: No response received of the last requests (default: retries+3), CLOSING CONNECTION.
2025-11-09 16:36:39,007 - modbus_client - ERROR - Modbus error reading register 4079: Modbus Error: [Input/Output] ERROR: No response received of the last requests (default: retries+3), CLOSING CONNECTION.
2025-11-09 16:36:43,510 - modbus_client - ERROR - Modbus error reading register 4079: Modbus Error: [Input/Output] ERROR: No response received of the last requests (default: retries+3), CLOSING CONNECTION.
2025-11-09 16:36:48,016 - modbus_client - ERROR - Modbus error reading register 4079: Modbus Error: [Input/Output] ERROR: No response received of the last requests (default: retries+3), CLOSING CONNECTION.
2025-11-09 16:36:52,520 - modbus_client - ERROR - Modbus error reading register 4079: Modbus Error: [Input/Output] ERROR: No response received of the last requests (default: retries+3), CLOSING CONNECTION.
2025-11-09 16:36:57,025 - modbus_client - ERROR - Modbus error reading register 4079: Modbus Error: [Input/Output] ERROR: No response received of the last requests (default: retries+3), CLOSING CONNECTION.
2025-11-09 16:37:01,530 - modbus_client - ERROR - Modbus error reading register 4079: Modbus Error: [Input/Output] ERROR: No response received of the last requests (default: retries+3), CLOSING CONNECTION.
2025-11-09 16:37:06,033 - modbus_client - ERROR - Modbus error reading register 4079: Modbus Error: [Input/Output] ERROR: No response received of the last requests (default: retries+3), CLOSING CONNECTION.
2025-11-09 16:37:10,538 - modbus_client - ERROR - Modbus error reading register 4079: Modbus Error: [Input/Output] ERROR: No response received of the last requests (default: retries+3), CLOSING CONNECTION.
2025-11-09 16:37:15,041 - modbus_client - ERROR - Modbus error reading register 4079: Modbus Error: [Input/Output] ERROR: No response received of the last requests (default: retries+3), CLOSING CONNECTION.
2025-11-09 16:37:19,546 - modbus_client - ERROR - Modbus error reading register 4079: Modbus Error: [Input/Output] ERROR: No response received of the last requests (default: retries+3), CLOSING CONNECTION.
2025-11-09 16:37:24,049 - modbus_client - ERROR - Modbus error reading register 4079: Modbus Error: [Input/Output] ERROR: No response received of the last requests (default: retries+3), CLOSING CONNECTION.
2025-11-09 16:37:28,553 - modbus_client - ERROR - Modbus error reading register 4079: Modbus Error: [Input/Output] ERROR: No response received of the last requests (default: retries+3), CLOSING CONNECTION.
2025-11-09 16:37:33,056 - modbus_client - ERROR - Modbus error reading register 4079: Modbus Error: [Input/Output] ERROR: No response received of the last requests (default: retries+3), CLOSING CONNECTION.
2025-11-09 16:37:37,560 - modbus_client - ERROR - Modbus error reading register 4079: Modbus Error: [Input/Output] ERROR: No response received of the last requests (default: retries+3), CLOSING CONNECTION.
2025-11-09 16:37:42,063 - modbus_client - ERROR - Modbus error reading register 4079: Modbus Error: [Input/Output] ERROR: No response received of the last requests (default: retries+3), CLOSING CONNECTION.
2025-11-09 16:37:46,568 - modbus_client - ERROR - Modbus error reading register 4079: Modbus Error: [Input/Output] ERROR: No response received of the last requests (default: retries+3), CLOSING CONNECTION.
2025-11-09 16:37:51,073 - modbus_client - ERROR - Modbus error reading register 4079: Modbus Error: [Input/Output] ERROR: No response received of the last requests (default: retries+3), CLOSING CONNECTION.
2025-11-09 16:37:55,575 - modbus_client - ERROR - Modbus error reading register 4079: Modbus Error: [Input/Output] ERROR: No response received of the last requests (default: retries+3), CLOSING CONNECTION.
2025-11-09 16:38:00,080 - modbus_client - ERROR - Modbus error reading register 4079: Modbus Error: [Input/Output] ERROR: No response received of the last requests (default: retries+3), CLOSING CONNECTION.
2025-11-09 16:38:04,585 - modbus_client - ERROR - Modbus error reading register 4079: Modbus Error: [Input/Output] ERROR: No response received of the last requests (default: retries+3), CLOSING CONNECTION.
2025-11-09 16:38:09,090 - modbus_client - ERROR - Modbus error reading register 4079: Modbus Error: [Input/Output] ERROR: No response received of the last requests (default: retries+3), CLOSING CONNECTION.
2025-11-09 16:38:13,594 - modbus_client - ERROR - Modbus error reading register 4079: Modbus Error: [Input/Output] ERROR: No response received of the last requests (default: retries+3), CLOSING CONNECTION.
2025-11-09 16:38:18,098 - modbus_client - ERROR - Modbus error reading register 4079: Modbus Error: [Input/Output] ERROR: No response received of the last requests (default: retries+3), CLOSING CONNECTION.
2025-11-09 16:38:22,602 - modbus_client - ERROR - Modbus error reading register 4079: Modbus Error: [Input/Output] ERROR: No response received of the last requests (default: retries+3), CLOSING CONNECTION.
2025-11-09 16:38:27,106 - modbus_client - ERROR - Modbus error reading register 4079: Modbus Error: [Input/Output] ERROR: No response received of the last requests (default: retries+3), CLOSING CONNECTION.
2025-11-09 16:38:31,610 - modbus_client - ERROR - Modbus error reading register 4079: Modbus Error: [Input/Output] ERROR: No response received of the last requests (default: retries+3), CLOSING CONNECTION.
2025-11-09 16:38:36,115 - modbus_client - ERROR - Modbus error reading register 4079: Modbus Error: [Input/Output] ERROR: No response received of the last requests (default: retries+3), CLOSING CONNECTION.
2025-11-09 16:38:40,619 - modbus_client - ERROR - Modbus error reading register 4079: Modbus Error: [Input/Output] ERROR: No response received of the last requests (default: retries+3), CLOSING CONNECTION.
2025-11-09 16:38:45,123 - modbus_client - ERROR - Modbus error reading register 4079: Modbus Error: [Input/Output] ERROR: No response received of the last requests (default: retries+3), CLOSING CONNECTION.
2025-11-09 16:38:49,627 - modbus_client - ERROR - Modbus error reading register 4079: Modbus Error: [Input/Output] ERROR: No response received of the last requests (default: retries+3), CLOSING CONNECTION.
2025-11-09 16:38:54,131 - modbus_client - ERROR - Modbus error reading register 4079: Modbus Error: [Input/Output] ERROR: No response received of the last requests (default: retries+3), CLOSING CONNECTION.
2025-11-09 16:38:58,635 - modbus_client - ERROR - Modbus error reading register 4079: Modbus Error: [Input/Output] ERROR: No response received of the last requests (default: retries+3), CLOSING CONNECTION.
2025-11-09 16:39:03,140 - modbus_client - ERROR - Modbus error reading register 4079: Modbus Error: [Input/Output] ERROR: No response received of the last requests (default: retries+3), CLOSING CONNECTION.
2025-11-09 16:39:07,645 - modbus_client - ERROR - Modbus error reading register 4079: Modbus Error: [Input/Output] ERROR: No response received of the last requests (default: retries+3), CLOSING CONNECTION.
2025-11-09 16:39:12,150 - modbus_client - ERROR - Modbus error reading register 4079: Modbus Error: [Input/Output] ERROR: No response received of the last requests (default: retries+3), CLOSING CONNECTION.
2025-11-09 16:39:16,653 - modbus_client - ERROR - Modbus error reading register 4079: Modbus Error: [Input/Output] ERROR: No response received of the last requests (default: retries+3), CLOSING CONNECTION.
2025-11-09 16:39:21,158 - modbus_client - ERROR - Modbus error reading register 4079: Modbus Error: [Input/Output] ERROR: No response received of the last requests (default: retries+3), CLOSING CONNECTION.
2025-11-09 16:39:25,663 - modbus_client - ERROR - Modbus error reading register 4079: Modbus Error: [Input/Output] ERROR: No response received of the last requests (default: retries+3), CLOSING CONNECTION.
2025-11-09 16:39:30,166 - modbus_client - ERROR - Modbus error reading register 4079: Modbus Error: [Input/Output] ERROR: No response received of the last requests (default: retries+3), CLOSING CONNECTION.
2025-11-09 16:39:34,670 - modbus_client - ERROR - Modbus error reading register 4079: Modbus Error: [Input/Output] ERROR: No response received of the last requests (default: retries+3), CLOSING CONNECTION.
2025-11-09 16:39:39,173 - modbus_client - ERROR - Modbus error reading register 4079: Modbus Error: [Input/Output] ERROR: No response received of the last requests (default: retries+3), CLOSING CONNECTION.
2025-11-09 16:39:43,676 - modbus_client - ERROR - Modbus error reading register 4079: Modbus Error: [Input/Output] ERROR: No response received of the last requests (default: retries+3), CLOSING CONNECTION.
2025-11-09 16:39:48,180 - modbus_client - ERROR - Modbus error reading register 4079: Modbus Error: [Input/Output] ERROR: No response received of the last requests (default: retries+3), CLOSING CONNECTION.
2025-11-09 16:39:52,685 - modbus_client - ERROR - Modbus error reading register 4079: Modbus Error: [Input/Output] ERROR: No response received of the last requests (default: retries+3), CLOSING CONNECTION.
2025-11-09 16:39:57,190 - modbus_client - ERROR - Modbus error reading register 4079: Modbus Error: [Input/Output] ERROR: No response received of the last requests (default: retries+3), CLOSING CONNECTION.
2025-11-09 16:40:01,695 - modbus_client - ERROR - Modbus error reading register 4079: Modbus Error: [Input/Output] ERROR: No response received of the last requests (default: retries+3), CLOSING CONNECTION.
2025-11-09 16:40:06,199 - modbus_client - ERROR - Modbus error reading register 4079: Modbus Error: [Input/Output] ERROR: No response received of the last requests (default: retries+3), CLOSING CONNECTION.
2025-11-09 16:40:10,703 - modbus_client - ERROR - Modbus error reading register 4079: Modbus Error: [Input/Output] ERROR: No response received of the last requests (default: retries+3), CLOSING CONNECTION.
2025-11-09 16:40:15,207 - modbus_client - ERROR - Modbus error reading register 4079: Modbus Error: [Input/Output] ERROR: No response received of the last requests (default: retries+3), CLOSING CONNECTION.
2025-11-09 16:40:19,711 - modbus_client - ERROR - Modbus error reading register 4079: Modbus Error: [Input/Output] ERROR: No response received of the last requests (default: retries+3), CLOSING CONNECTION.
2025-11-09 16:40:24,215 - modbus_client - ERROR - Modbus error reading register 4079: Modbus Error: [Input/Output] ERROR: No response received of the last requests (default: retries+3), CLOSING CONNECTION.
2025-11-09 16:40:28,719 - modbus_client - ERROR - Modbus error reading register 4079: Modbus Error: [Input/Output] ERROR: No response received of the last requests (default: retries+3), CLOSING CONNECTION.
2025-11-09 16:40:33,223 - modbus_client - ERROR - Modbus error reading register 4079: Modbus Error: [Input/Output] ERROR: No response received of the last requests (default: retries+3), CLOSING CONNECTION.
2025-11-09 16:40:37,725 - modbus_client - ERROR - Modbus error reading register 4079: Modbus Error: [Input/Output] ERROR: No response received of the last requests (default: retries+3), CLOSING CONNECTION.
2025-11-09 16:40:42,230 - modbus_client - ERROR - Modbus error reading register 4079: Modbus Error: [Input/Output] ERROR: No response received of the last requests (default: retries+3), CLOSING CONNECTION.
2025-11-09 16:40:46,733 - modbus_client - ERROR - Modbus error reading register 4079: Modbus Error: [Input/Output] ERROR: No response received of the last requests (default: retries+3), CLOSING CONNECTION.
2025-11-09 16:40:51,236 - modbus_client - ERROR - Modbus error reading register 4079: Modbus Error: [Input/Output] ERROR: No response received of the last requests (default: retries+3), CLOSING CONNECTION.
2025-11-09 16:40:55,740 - modbus_client - ERROR - Modbus error reading register 4079: Modbus Error: [Input/Output] ERROR: No response received of the last requests (default: retries+3), CLOSING CONNECTION.
2025-11-09 16:41:00,244 - modbus_client - ERROR - Modbus error reading register 4079: Modbus Error: [Input/Output] ERROR: No response received of the last requests (default: retries+3), CLOSING CONNECTION.
2025-11-09 16:41:04,746 - modbus_client - ERROR - Modbus error reading register 4079: Modbus Error: [Input/Output] ERROR: No response received of the last requests (default: retries+3), CLOSING CONNECTION.
2025-11-09 16:41:09,251 - modbus_client - ERROR - Modbus error reading register 4079: Modbus Error: [Input/Output] ERROR: No response received of the last requests (default: retries+3), CLOSING CONNECTION.
2025-11-09 16:41:13,753 - modbus_client - ERROR - Modbus error reading register 4079: Modbus Error: [Input/Output] ERROR: No response received of the last requests (default: retries+3), CLOSING CONNECTION.
2025-11-09 16:41:18,257 - modbus_client - ERROR - Modbus error reading register 4079: Modbus Error: [Input/Output] ERROR: No response received of the last requests (default: retries+3), CLOSING CONNECTION.
2025-11-09 16:41:22,760 - modbus_client - ERROR - Modbus error reading register 4079: Modbus Error: [Input/Output] ERROR: No response received of the last requests (default: retries+3), CLOSING CONNECTION.
2025-11-09 16:41:27,263 - modbus_client - ERROR - Modbus error reading register 4079: Modbus Error: [Input/Output] ERROR: No response received of the last requests (default: retries+3), CLOSING CONNECTION.
2025-11-09 16:41:31,767 - modbus_client - ERROR - Modbus error reading register 4079: Modbus Error: [Input/Output] ERROR: No response received of the last requests (default: retries+3), CLOSING CONNECTION.
2025-11-09 16:41:36,270 - modbus_client - ERROR - Modbus error reading register 4079: Modbus Error: [Input/Output] ERROR: No response received of the last requests (default: retries+3), CLOSING CONNECTION.
2025-11-09 16:41:40,773 - modbus_client - ERROR - Modbus error reading register 4079: Modbus Error: [Input/Output] ERROR: No response received of the last requests (default: retries+3), CLOSING CONNECTION.
2025-11-09 16:41:45,279 - modbus_client - ERROR - Modbus error reading register 4079: Modbus Error: [Input/Output] ERROR: No response received of the last requests (default: retries+3), CLOSING CONNECTION.
2025-11-09 16:41:49,783 - modbus_client - ERROR - Modbus error reading register 4079: Modbus Error: [Input/Output] ERROR: No response received of the last requests (default: retries+3), CLOSING CONNECTION.
2025-11-09 16:41:54,287 - modbus_client - ERROR - Modbus error reading register 4079: Modbus Error: [Input/Output] ERROR: No response received of the last requests (default: retries+3), CLOSING CONNECTION.
2025-11-09 16:41:58,790 - modbus_client - ERROR - Modbus error reading register 4079: Modbus Error: [Input/Output] ERROR: No response received of the last requests (default: retries+3), CLOSING CONNECTION.
2025-11-09 16:42:03,294 - modbus_client - ERROR - Modbus error reading register 4079: Modbus Error: [Input/Output] ERROR: No response received of the last requests (default: retries+3), CLOSING CONNECTION.
2025-11-09 16:42:07,799 - modbus_client - ERROR - Modbus error reading register 4079: Modbus Error: [Input/Output] ERROR: No response received of the last requests (default: retries+3), CLOSING CONNECTION.
2025-11-09 16:42:12,303 - modbus_client - ERROR - Modbus error reading register 4079: Modbus Error: [Input/Output] ERROR: No response received of the last requests (default: retries+3), CLOSING CONNECTION.
2025-11-09 16:42:16,806 - modbus_client - ERROR - Modbus error reading register 4079: Modbus Error: [Input/Output] ERROR: No response received of the last requests (default: retries+3), CLOSING CONNECTION.
2025-11-09 16:42:21,311 - modbus_client - ERROR - Modbus error reading register 4079: Modbus Error: [Input/Output] ERROR: No response received of the last requests (default: retries+3), CLOSING CONNECTION.
2025-11-09 16:42:25,814 - modbus_client - ERROR - Modbus error reading register 4079: Modbus Error: [Input/Output] ERROR: No response received of the last requests (default: retries+3), CLOSING CONNECTION.
2025-11-09 16:42:30,318 - modbus_client - ERROR - Modbus error reading register 4079: Modbus Error: [Input/Output] ERROR: No response received of the last requests (default: retries+3), CLOSING CONNECTION.
2025-11-09 16:42:34,822 - modbus_client - ERROR - Modbus error reading register 4079: Modbus Error: [Input/Output] ERROR: No response received of the last requests (default: retries+3), CLOSING CONNECTION.
2025-11-09 16:42:39,326 - modbus_client - ERROR - Modbus error reading register 4079: Modbus Error: [Input/Output] ERROR: No response received of the last requests (default: retries+3), CLOSING CONNECTION.
2025-11-09 16:42:43,831 - modbus_client - ERROR - Modbus error reading register 4079: Modbus Error: [Input/Output] ERROR: No response received of the last requests (default: retries+3), CLOSING CONNECTION.
2025-11-09 16:42:48,334 - modbus_client - ERROR - Modbus error reading register 4079: Modbus Error: [Input/Output] ERROR: No response received of the last requests (default: retries+3), CLOSING CONNECTION.
2025-11-09 16:42:52,839 - modbus_client - ERROR - Modbus error reading register 4079: Modbus Error: [Input/Output] ERROR: No response received of the last requests (default: retries+3), CLOSING CONNECTION.
2025-11-09 16:42:57,343 - modbus_client - ERROR - Modbus error reading register 4079: Modbus Error: [Input/Output] ERROR: No response received of the last requests (default: retries+3), CLOSING CONNECTION.
