2025-11-10 08:00:33,195 - __main__ - INFO - ================================================================================
2025-11-10 08:00:33,195 - __main__ - INFO - IHM SERVIDOR FINAL - NEOCOUDE-HD-15
2025-11-10 08:00:33,195 - __main__ - INFO - ================================================================================
2025-11-10 08:00:33,195 - __main__ - INFO - Porta serial: /dev/ttyUSB0
2025-11-10 08:00:33,195 - __main__ - INFO - WebSocket: localhost:8086
2025-11-10 08:00:33,195 - __main__ - INFO - Modo: LIVE (CLP real)
2025-11-10 08:00:33,195 - __main__ - INFO - ================================================================================
2025-11-10 08:00:33,195 - modbus_client - INFO - Modbus client initialized in LIVE MODE: /dev/ttyUSB0 @ 57600
2025-11-10 08:00:33,196 - modbus_client - INFO - Connected to PLC on /dev/ttyUSB0
2025-11-10 08:00:33,220 - modbus_client - ERROR - Error reading register 6536: ExceptionResponse(dev_id=1, function_code=131, exception_code=2)
2025-11-10 08:00:33,220 - __main__ - INFO - ✓ Conectado ao CLP via Modbus RTU
2025-11-10 08:00:33,220 - __main__ - INFO - Iniciando servidor WebSocket na porta 8086...
2025-11-10 08:00:33,244 - websockets.server - INFO - server listening on 127.0.0.1:8086
2025-11-10 08:00:33,244 - __main__ - INFO - ✓ Servidor WebSocket rodando em ws://localhost:8086
2025-11-10 08:00:33,244 - __main__ - INFO - Iniciando polling do CLP...
2025-11-10 08:00:34,660 - websockets.server - INFO - connection open
2025-11-10 08:00:34,660 - __main__ - INFO - Cliente conectado. Total de clientes: 1
2025-11-10 08:00:36,556 - websockets.server - INFO - connection open
2025-11-10 08:00:36,556 - __main__ - INFO - Cliente conectado. Total de clientes: 2
2025-11-10 08:00:36,810 - websockets.server - INFO - connection open
2025-11-10 08:00:36,810 - __main__ - INFO - Cliente conectado. Total de clientes: 3
2025-11-10 08:02:23,338 - __main__ - INFO - Ação recebida: press_key
2025-11-10 08:02:23,338 - modbus_client - INFO - Pressing button S1 (address 220)
2025-11-10 08:02:23,474 - modbus_client - INFO - Button S1 press completed
2025-11-10 08:02:23,475 - __main__ - INFO - Tecla 220 enviada com sucesso
2025-11-10 08:02:25,059 - __main__ - INFO - Ação recebida: press_key
2025-11-10 08:02:25,059 - modbus_client - INFO - Pressing button S1 (address 220)
2025-11-10 08:02:25,194 - modbus_client - INFO - Button S1 press completed
2025-11-10 08:02:25,194 - __main__ - INFO - Tecla 220 enviada com sucesso
2025-11-10 08:02:58,152 - websockets.server - INFO - connection open
2025-11-10 08:02:58,152 - __main__ - INFO - Cliente conectado. Total de clientes: 4
