/home/lucas-junges/Documents/clientes/w&co/main_server.py:24: DeprecationWarning: websockets.server.WebSocketServerProtocol is deprecated
  from websockets.server import WebSocketServerProtocol
2025-11-08 00:42:20,243 - __main__ - INFO - ================================================================================
2025-11-08 00:42:20,244 - __main__ - INFO - NEOCOUDE-HD-15 HMI SERVER
2025-11-08 00:42:20,244 - __main__ - INFO - ================================================================================
2025-11-08 00:42:20,244 - __main__ - INFO - Running in LIVE MODE (PLC on /dev/ttyUSB0)
2025-11-08 00:42:20,244 - modbus_client - INFO - Modbus client initialized in LIVE MODE: /dev/ttyUSB0 @ 57600
2025-11-08 00:42:20,244 - __main__ - INFO - Starting HMI server on ws://localhost:8080
2025-11-08 00:42:20,244 - state_manager - INFO - Starting state manager (poll interval: 0.25s)
2025-11-08 00:42:20,246 - modbus_client - INFO - Connected to PLC on /dev/ttyUSB0
2025-11-08 00:42:20,260 - modbus_client - ERROR - Error reading register 6536: ExceptionResponse(dev_id=1, function_code=131, exception_code=2)
2025-11-08 00:42:20,261 - state_manager - INFO - Poll loop started
2025-11-08 00:42:20,264 - websockets.server - INFO - server listening on 127.0.0.1:8080
2025-11-08 00:42:20,264 - __main__ - INFO - ✓ HMI server running on ws://localhost:8080
2025-11-08 00:42:20,603 - state_manager - WARNING - Poll cycle took 0.341s (exceeds 0.25s)
2025-11-08 00:42:20,946 - state_manager - WARNING - Poll cycle took 0.344s (exceeds 0.25s)
2025-11-08 00:42:21,273 - state_manager - WARNING - Poll cycle took 0.327s (exceeds 0.25s)
2025-11-08 00:42:21,602 - websockets.server - INFO - connection open
2025-11-08 00:42:21,602 - __main__ - INFO - Client connected: 127.0.0.1:47458
2025-11-08 00:42:21,616 - state_manager - WARNING - Poll cycle took 0.343s (exceeds 0.25s)
2025-11-08 00:42:21,689 - websockets.server - INFO - connection open
2025-11-08 00:42:21,689 - __main__ - INFO - Client connected: 127.0.0.1:51084
2025-11-08 00:42:21,701 - websockets.server - INFO - connection open
2025-11-08 00:42:21,701 - __main__ - INFO - Client connected: 127.0.0.1:51094
2025-11-08 00:42:21,713 - websockets.server - INFO - connection open
2025-11-08 00:42:21,713 - __main__ - INFO - Client connected: 127.0.0.1:51096
2025-11-08 00:42:21,903 - websockets.server - INFO - connection open
2025-11-08 00:42:21,903 - __main__ - INFO - Client connected: 127.0.0.1:51098
2025-11-08 00:42:21,905 - websockets.server - INFO - connection open
2025-11-08 00:42:21,905 - __main__ - INFO - Client connected: 127.0.0.1:51106
2025-11-08 00:42:21,907 - websockets.server - INFO - connection open
2025-11-08 00:42:21,907 - __main__ - INFO - Client connected: 127.0.0.1:51114
2025-11-08 00:42:21,909 - websockets.server - INFO - connection open
2025-11-08 00:42:21,910 - __main__ - INFO - Client connected: 127.0.0.1:51126
2025-11-08 00:42:21,974 - state_manager - WARNING - Poll cycle took 0.357s (exceeds 0.25s)
2025-11-08 00:42:22,310 - state_manager - WARNING - Poll cycle took 0.336s (exceeds 0.25s)
2025-11-08 00:42:22,652 - state_manager - WARNING - Poll cycle took 0.342s (exceeds 0.25s)
2025-11-08 00:42:23,010 - state_manager - WARNING - Poll cycle took 0.358s (exceeds 0.25s)
2025-11-08 00:42:23,352 - state_manager - WARNING - Poll cycle took 0.342s (exceeds 0.25s)
2025-11-08 00:42:23,687 - state_manager - WARNING - Poll cycle took 0.335s (exceeds 0.25s)
2025-11-08 00:42:24,015 - state_manager - WARNING - Poll cycle took 0.327s (exceeds 0.25s)
2025-11-08 00:42:24,358 - state_manager - WARNING - Poll cycle took 0.343s (exceeds 0.25s)
2025-11-08 00:42:24,700 - state_manager - WARNING - Poll cycle took 0.342s (exceeds 0.25s)
2025-11-08 00:42:25,050 - state_manager - WARNING - Poll cycle took 0.349s (exceeds 0.25s)
2025-11-08 00:42:25,378 - state_manager - WARNING - Poll cycle took 0.328s (exceeds 0.25s)
2025-11-08 00:42:25,721 - state_manager - WARNING - Poll cycle took 0.342s (exceeds 0.25s)
2025-11-08 00:42:26,057 - state_manager - WARNING - Poll cycle took 0.336s (exceeds 0.25s)
2025-11-08 00:42:26,399 - state_manager - WARNING - Poll cycle took 0.343s (exceeds 0.25s)
2025-11-08 00:42:26,741 - state_manager - WARNING - Poll cycle took 0.342s (exceeds 0.25s)
2025-11-08 00:42:27,091 - state_manager - WARNING - Poll cycle took 0.350s (exceeds 0.25s)
2025-11-08 00:42:27,434 - state_manager - WARNING - Poll cycle took 0.343s (exceeds 0.25s)
2025-11-08 00:42:27,754 - state_manager - WARNING - Poll cycle took 0.319s (exceeds 0.25s)
2025-11-08 00:42:28,105 - state_manager - WARNING - Poll cycle took 0.351s (exceeds 0.25s)
2025-11-08 00:42:28,440 - state_manager - WARNING - Poll cycle took 0.334s (exceeds 0.25s)
2025-11-08 00:42:28,768 - state_manager - WARNING - Poll cycle took 0.328s (exceeds 0.25s)
2025-11-08 00:42:29,103 - state_manager - WARNING - Poll cycle took 0.335s (exceeds 0.25s)
2025-11-08 00:42:29,446 - state_manager - WARNING - Poll cycle took 0.343s (exceeds 0.25s)
2025-11-08 00:42:29,789 - state_manager - WARNING - Poll cycle took 0.342s (exceeds 0.25s)
2025-11-08 00:42:30,116 - state_manager - WARNING - Poll cycle took 0.327s (exceeds 0.25s)
2025-11-08 00:42:30,451 - state_manager - WARNING - Poll cycle took 0.335s (exceeds 0.25s)
2025-11-08 00:42:30,787 - state_manager - WARNING - Poll cycle took 0.335s (exceeds 0.25s)
2025-11-08 00:42:31,107 - state_manager - WARNING - Poll cycle took 0.320s (exceeds 0.25s)
2025-11-08 00:42:31,457 - state_manager - WARNING - Poll cycle took 0.350s (exceeds 0.25s)
2025-11-08 00:42:31,799 - state_manager - WARNING - Poll cycle took 0.342s (exceeds 0.25s)
2025-11-08 00:42:32,142 - state_manager - WARNING - Poll cycle took 0.343s (exceeds 0.25s)
2025-11-08 00:42:32,470 - state_manager - WARNING - Poll cycle took 0.328s (exceeds 0.25s)
2025-11-08 00:42:32,805 - state_manager - WARNING - Poll cycle took 0.335s (exceeds 0.25s)
2025-11-08 00:42:33,141 - state_manager - WARNING - Poll cycle took 0.336s (exceeds 0.25s)
2025-11-08 00:42:33,468 - state_manager - WARNING - Poll cycle took 0.327s (exceeds 0.25s)
2025-11-08 00:42:33,811 - state_manager - WARNING - Poll cycle took 0.343s (exceeds 0.25s)
2025-11-08 00:42:34,154 - state_manager - WARNING - Poll cycle took 0.342s (exceeds 0.25s)
2025-11-08 00:42:34,481 - state_manager - WARNING - Poll cycle took 0.327s (exceeds 0.25s)
2025-11-08 00:42:34,824 - state_manager - WARNING - Poll cycle took 0.342s (exceeds 0.25s)
2025-11-08 00:42:35,159 - state_manager - WARNING - Poll cycle took 0.335s (exceeds 0.25s)
2025-11-08 00:42:35,502 - state_manager - WARNING - Poll cycle took 0.343s (exceeds 0.25s)
2025-11-08 00:42:35,844 - state_manager - WARNING - Poll cycle took 0.342s (exceeds 0.25s)
2025-11-08 00:42:36,158 - state_manager - WARNING - Poll cycle took 0.314s (exceeds 0.25s)
2025-11-08 00:42:36,507 - state_manager - WARNING - Poll cycle took 0.349s (exceeds 0.25s)
2025-11-08 00:42:36,858 - state_manager - WARNING - Poll cycle took 0.351s (exceeds 0.25s)
2025-11-08 00:42:37,193 - state_manager - WARNING - Poll cycle took 0.335s (exceeds 0.25s)
2025-11-08 00:42:37,522 - state_manager - WARNING - Poll cycle took 0.328s (exceeds 0.25s)
2025-11-08 00:42:37,864 - state_manager - WARNING - Poll cycle took 0.342s (exceeds 0.25s)
2025-11-08 00:42:38,199 - state_manager - WARNING - Poll cycle took 0.335s (exceeds 0.25s)
2025-11-08 00:42:38,527 - state_manager - WARNING - Poll cycle took 0.328s (exceeds 0.25s)
2025-11-08 00:42:38,869 - state_manager - WARNING - Poll cycle took 0.342s (exceeds 0.25s)
2025-11-08 00:42:39,205 - state_manager - WARNING - Poll cycle took 0.336s (exceeds 0.25s)
2025-11-08 00:42:39,532 - state_manager - WARNING - Poll cycle took 0.327s (exceeds 0.25s)
2025-11-08 00:42:39,875 - state_manager - WARNING - Poll cycle took 0.342s (exceeds 0.25s)
2025-11-08 00:42:40,233 - state_manager - WARNING - Poll cycle took 0.358s (exceeds 0.25s)
2025-11-08 00:42:40,568 - state_manager - WARNING - Poll cycle took 0.335s (exceeds 0.25s)
2025-11-08 00:42:40,910 - state_manager - WARNING - Poll cycle took 0.342s (exceeds 0.25s)
2025-11-08 00:42:41,253 - state_manager - WARNING - Poll cycle took 0.343s (exceeds 0.25s)
2025-11-08 00:42:41,611 - state_manager - WARNING - Poll cycle took 0.357s (exceeds 0.25s)
2025-11-08 00:42:41,931 - state_manager - WARNING - Poll cycle took 0.320s (exceeds 0.25s)
2025-11-08 00:42:42,273 - state_manager - WARNING - Poll cycle took 0.342s (exceeds 0.25s)
2025-11-08 00:42:42,617 - state_manager - WARNING - Poll cycle took 0.344s (exceeds 0.25s)
2025-11-08 00:42:42,966 - state_manager - WARNING - Poll cycle took 0.349s (exceeds 0.25s)
2025-11-08 00:42:43,295 - state_manager - WARNING - Poll cycle took 0.328s (exceeds 0.25s)
2025-11-08 00:42:43,652 - state_manager - WARNING - Poll cycle took 0.358s (exceeds 0.25s)
2025-11-08 00:42:43,980 - state_manager - WARNING - Poll cycle took 0.327s (exceeds 0.25s)
2025-11-08 00:42:44,337 - state_manager - WARNING - Poll cycle took 0.357s (exceeds 0.25s)
2025-11-08 00:42:44,687 - state_manager - WARNING - Poll cycle took 0.350s (exceeds 0.25s)
2025-11-08 00:42:45,030 - state_manager - WARNING - Poll cycle took 0.343s (exceeds 0.25s)
2025-11-08 00:42:45,357 - state_manager - WARNING - Poll cycle took 0.327s (exceeds 0.25s)
2025-11-08 00:42:45,714 - state_manager - WARNING - Poll cycle took 0.357s (exceeds 0.25s)
2025-11-08 00:42:46,065 - state_manager - WARNING - Poll cycle took 0.350s (exceeds 0.25s)
2025-11-08 00:42:46,407 - state_manager - WARNING - Poll cycle took 0.342s (exceeds 0.25s)
2025-11-08 00:42:46,720 - state_manager - WARNING - Poll cycle took 0.312s (exceeds 0.25s)
2025-11-08 00:42:47,062 - state_manager - WARNING - Poll cycle took 0.342s (exceeds 0.25s)
2025-11-08 00:42:47,383 - state_manager - WARNING - Poll cycle took 0.320s (exceeds 0.25s)
2025-11-08 00:42:47,726 - state_manager - WARNING - Poll cycle took 0.343s (exceeds 0.25s)
2025-11-08 00:42:48,053 - state_manager - WARNING - Poll cycle took 0.327s (exceeds 0.25s)
2025-11-08 00:42:48,396 - state_manager - WARNING - Poll cycle took 0.343s (exceeds 0.25s)
2025-11-08 00:42:48,716 - state_manager - WARNING - Poll cycle took 0.320s (exceeds 0.25s)
2025-11-08 00:42:49,060 - state_manager - WARNING - Poll cycle took 0.343s (exceeds 0.25s)
2025-11-08 00:42:49,416 - state_manager - WARNING - Poll cycle took 0.356s (exceeds 0.25s)
2025-11-08 00:42:49,752 - state_manager - WARNING - Poll cycle took 0.335s (exceeds 0.25s)
2025-11-08 00:42:50,094 - state_manager - WARNING - Poll cycle took 0.342s (exceeds 0.25s)
2025-11-08 00:42:50,452 - state_manager - WARNING - Poll cycle took 0.358s (exceeds 0.25s)
2025-11-08 00:42:50,795 - state_manager - WARNING - Poll cycle took 0.343s (exceeds 0.25s)
2025-11-08 00:42:51,137 - state_manager - WARNING - Poll cycle took 0.341s (exceeds 0.25s)
2025-11-08 00:42:51,487 - state_manager - WARNING - Poll cycle took 0.350s (exceeds 0.25s)
2025-11-08 00:42:51,846 - state_manager - WARNING - Poll cycle took 0.358s (exceeds 0.25s)
2025-11-08 00:42:52,202 - state_manager - WARNING - Poll cycle took 0.356s (exceeds 0.25s)
2025-11-08 00:42:52,552 - state_manager - WARNING - Poll cycle took 0.350s (exceeds 0.25s)
2025-11-08 00:42:52,887 - state_manager - WARNING - Poll cycle took 0.335s (exceeds 0.25s)
2025-11-08 00:42:53,238 - state_manager - WARNING - Poll cycle took 0.350s (exceeds 0.25s)
2025-11-08 00:42:53,602 - state_manager - WARNING - Poll cycle took 0.364s (exceeds 0.25s)
2025-11-08 00:42:53,923 - state_manager - WARNING - Poll cycle took 0.321s (exceeds 0.25s)
2025-11-08 00:42:54,280 - state_manager - WARNING - Poll cycle took 0.357s (exceeds 0.25s)
2025-11-08 00:42:54,637 - state_manager - WARNING - Poll cycle took 0.356s (exceeds 0.25s)
2025-11-08 00:42:54,987 - state_manager - WARNING - Poll cycle took 0.350s (exceeds 0.25s)
2025-11-08 00:42:55,338 - state_manager - WARNING - Poll cycle took 0.351s (exceeds 0.25s)
2025-11-08 00:42:55,703 - state_manager - WARNING - Poll cycle took 0.365s (exceeds 0.25s)
2025-11-08 00:42:56,059 - state_manager - WARNING - Poll cycle took 0.356s (exceeds 0.25s)
2025-11-08 00:42:56,402 - state_manager - WARNING - Poll cycle took 0.343s (exceeds 0.25s)
2025-11-08 00:42:56,744 - state_manager - WARNING - Poll cycle took 0.342s (exceeds 0.25s)
2025-11-08 00:42:57,103 - state_manager - WARNING - Poll cycle took 0.358s (exceeds 0.25s)
2025-11-08 00:42:57,423 - state_manager - WARNING - Poll cycle took 0.320s (exceeds 0.25s)
2025-11-08 00:42:57,751 - state_manager - WARNING - Poll cycle took 0.327s (exceeds 0.25s)
2025-11-08 00:42:58,093 - state_manager - WARNING - Poll cycle took 0.342s (exceeds 0.25s)
2025-11-08 00:42:58,445 - state_manager - WARNING - Poll cycle took 0.351s (exceeds 0.25s)
2025-11-08 00:42:58,770 - state_manager - WARNING - Poll cycle took 0.326s (exceeds 0.25s)
2025-11-08 00:42:59,099 - state_manager - WARNING - Poll cycle took 0.329s (exceeds 0.25s)
2025-11-08 00:42:59,434 - state_manager - WARNING - Poll cycle took 0.335s (exceeds 0.25s)
2025-11-08 00:42:59,763 - state_manager - WARNING - Poll cycle took 0.329s (exceeds 0.25s)
2025-11-08 00:43:00,098 - state_manager - WARNING - Poll cycle took 0.335s (exceeds 0.25s)
2025-11-08 00:43:00,447 - state_manager - WARNING - Poll cycle took 0.349s (exceeds 0.25s)
2025-11-08 00:43:00,790 - state_manager - WARNING - Poll cycle took 0.343s (exceeds 0.25s)
2025-11-08 00:43:01,132 - state_manager - WARNING - Poll cycle took 0.342s (exceeds 0.25s)
2025-11-08 00:43:01,475 - state_manager - WARNING - Poll cycle took 0.343s (exceeds 0.25s)
2025-11-08 00:43:01,818 - state_manager - WARNING - Poll cycle took 0.343s (exceeds 0.25s)
2025-11-08 00:43:02,146 - state_manager - WARNING - Poll cycle took 0.327s (exceeds 0.25s)
2025-11-08 00:43:02,481 - state_manager - WARNING - Poll cycle took 0.335s (exceeds 0.25s)
2025-11-08 00:43:02,846 - state_manager - WARNING - Poll cycle took 0.365s (exceeds 0.25s)
2025-11-08 00:43:03,196 - state_manager - WARNING - Poll cycle took 0.350s (exceeds 0.25s)
2025-11-08 00:43:03,524 - state_manager - WARNING - Poll cycle took 0.328s (exceeds 0.25s)
2025-11-08 00:43:03,881 - state_manager - WARNING - Poll cycle took 0.356s (exceeds 0.25s)
2025-11-08 00:43:04,202 - state_manager - WARNING - Poll cycle took 0.321s (exceeds 0.25s)
2025-11-08 00:43:04,529 - state_manager - WARNING - Poll cycle took 0.327s (exceeds 0.25s)
2025-11-08 00:43:04,872 - state_manager - WARNING - Poll cycle took 0.342s (exceeds 0.25s)
2025-11-08 00:43:05,215 - state_manager - WARNING - Poll cycle took 0.343s (exceeds 0.25s)
2025-11-08 00:43:05,572 - state_manager - WARNING - Poll cycle took 0.357s (exceeds 0.25s)
2025-11-08 00:43:05,923 - state_manager - WARNING - Poll cycle took 0.350s (exceeds 0.25s)
2025-11-08 00:43:06,250 - state_manager - WARNING - Poll cycle took 0.328s (exceeds 0.25s)
2025-11-08 00:43:06,593 - state_manager - WARNING - Poll cycle took 0.342s (exceeds 0.25s)
2025-11-08 00:43:06,935 - state_manager - WARNING - Poll cycle took 0.342s (exceeds 0.25s)
2025-11-08 00:43:07,286 - state_manager - WARNING - Poll cycle took 0.351s (exceeds 0.25s)
2025-11-08 00:43:07,614 - state_manager - WARNING - Poll cycle took 0.327s (exceeds 0.25s)
2025-11-08 00:43:07,963 - state_manager - WARNING - Poll cycle took 0.349s (exceeds 0.25s)
2025-11-08 00:43:08,313 - state_manager - WARNING - Poll cycle took 0.350s (exceeds 0.25s)
2025-11-08 00:43:08,656 - state_manager - WARNING - Poll cycle took 0.343s (exceeds 0.25s)
2025-11-08 00:43:09,006 - state_manager - WARNING - Poll cycle took 0.349s (exceeds 0.25s)
2025-11-08 00:43:09,349 - state_manager - WARNING - Poll cycle took 0.343s (exceeds 0.25s)
2025-11-08 00:43:09,706 - state_manager - WARNING - Poll cycle took 0.357s (exceeds 0.25s)
2025-11-08 00:43:10,034 - state_manager - WARNING - Poll cycle took 0.329s (exceeds 0.25s)
2025-11-08 00:43:10,383 - state_manager - WARNING - Poll cycle took 0.349s (exceeds 0.25s)
2025-11-08 00:43:10,727 - state_manager - WARNING - Poll cycle took 0.344s (exceeds 0.25s)
2025-11-08 00:43:11,069 - state_manager - WARNING - Poll cycle took 0.342s (exceeds 0.25s)
2025-11-08 00:43:11,411 - state_manager - WARNING - Poll cycle took 0.342s (exceeds 0.25s)
2025-11-08 00:43:11,769 - state_manager - WARNING - Poll cycle took 0.357s (exceeds 0.25s)
2025-11-08 00:43:12,105 - state_manager - WARNING - Poll cycle took 0.336s (exceeds 0.25s)
2025-11-08 00:43:12,447 - state_manager - WARNING - Poll cycle took 0.342s (exceeds 0.25s)
2025-11-08 00:43:12,789 - state_manager - WARNING - Poll cycle took 0.342s (exceeds 0.25s)
2025-11-08 00:43:13,132 - state_manager - WARNING - Poll cycle took 0.342s (exceeds 0.25s)
2025-11-08 00:43:13,475 - state_manager - WARNING - Poll cycle took 0.343s (exceeds 0.25s)
2025-11-08 00:43:13,825 - state_manager - WARNING - Poll cycle took 0.349s (exceeds 0.25s)
2025-11-08 00:43:14,160 - state_manager - WARNING - Poll cycle took 0.335s (exceeds 0.25s)
2025-11-08 00:43:14,502 - state_manager - WARNING - Poll cycle took 0.342s (exceeds 0.25s)
2025-11-08 00:43:14,852 - state_manager - WARNING - Poll cycle took 0.350s (exceeds 0.25s)
2025-11-08 00:43:15,218 - state_manager - WARNING - Poll cycle took 0.365s (exceeds 0.25s)
2025-11-08 00:43:15,560 - state_manager - WARNING - Poll cycle took 0.342s (exceeds 0.25s)
2025-11-08 00:43:15,903 - state_manager - WARNING - Poll cycle took 0.342s (exceeds 0.25s)
2025-11-08 00:43:16,245 - state_manager - WARNING - Poll cycle took 0.342s (exceeds 0.25s)
2025-11-08 00:43:16,596 - state_manager - WARNING - Poll cycle took 0.351s (exceeds 0.25s)
2025-11-08 00:43:16,946 - state_manager - WARNING - Poll cycle took 0.350s (exceeds 0.25s)
2025-11-08 00:43:17,310 - state_manager - WARNING - Poll cycle took 0.364s (exceeds 0.25s)
2025-11-08 00:43:17,661 - state_manager - WARNING - Poll cycle took 0.350s (exceeds 0.25s)
2025-11-08 00:43:18,010 - state_manager - WARNING - Poll cycle took 0.349s (exceeds 0.25s)
2025-11-08 00:43:18,352 - state_manager - WARNING - Poll cycle took 0.342s (exceeds 0.25s)
2025-11-08 00:43:18,710 - state_manager - WARNING - Poll cycle took 0.358s (exceeds 0.25s)
2025-11-08 00:43:19,045 - state_manager - WARNING - Poll cycle took 0.335s (exceeds 0.25s)
2025-11-08 00:43:19,387 - state_manager - WARNING - Poll cycle took 0.342s (exceeds 0.25s)
2025-11-08 00:43:19,731 - state_manager - WARNING - Poll cycle took 0.343s (exceeds 0.25s)
2025-11-08 00:43:20,065 - state_manager - WARNING - Poll cycle took 0.335s (exceeds 0.25s)
2025-11-08 00:43:20,394 - state_manager - WARNING - Poll cycle took 0.329s (exceeds 0.25s)
2025-11-08 00:43:20,737 - state_manager - WARNING - Poll cycle took 0.342s (exceeds 0.25s)
2025-11-08 00:43:21,079 - state_manager - WARNING - Poll cycle took 0.342s (exceeds 0.25s)
2025-11-08 00:43:21,438 - state_manager - WARNING - Poll cycle took 0.358s (exceeds 0.25s)
2025-11-08 00:43:21,772 - state_manager - WARNING - Poll cycle took 0.334s (exceeds 0.25s)
2025-11-08 00:43:22,129 - state_manager - WARNING - Poll cycle took 0.357s (exceeds 0.25s)
2025-11-08 00:43:22,472 - state_manager - WARNING - Poll cycle took 0.343s (exceeds 0.25s)
2025-11-08 00:43:22,814 - state_manager - WARNING - Poll cycle took 0.342s (exceeds 0.25s)
2025-11-08 00:43:23,150 - state_manager - WARNING - Poll cycle took 0.336s (exceeds 0.25s)
2025-11-08 00:43:23,477 - state_manager - WARNING - Poll cycle took 0.327s (exceeds 0.25s)
2025-11-08 00:43:23,828 - state_manager - WARNING - Poll cycle took 0.350s (exceeds 0.25s)
2025-11-08 00:43:24,169 - state_manager - WARNING - Poll cycle took 0.341s (exceeds 0.25s)
2025-11-08 00:43:24,498 - state_manager - WARNING - Poll cycle took 0.328s (exceeds 0.25s)
2025-11-08 00:43:24,841 - state_manager - WARNING - Poll cycle took 0.343s (exceeds 0.25s)
2025-11-08 00:43:25,176 - state_manager - WARNING - Poll cycle took 0.335s (exceeds 0.25s)
2025-11-08 00:43:25,526 - state_manager - WARNING - Poll cycle took 0.350s (exceeds 0.25s)
2025-11-08 00:43:25,846 - state_manager - WARNING - Poll cycle took 0.320s (exceeds 0.25s)
2025-11-08 00:43:26,203 - state_manager - WARNING - Poll cycle took 0.357s (exceeds 0.25s)
2025-11-08 00:43:26,561 - state_manager - WARNING - Poll cycle took 0.357s (exceeds 0.25s)
2025-11-08 00:43:26,904 - state_manager - WARNING - Poll cycle took 0.343s (exceeds 0.25s)
2025-11-08 00:43:27,238 - state_manager - WARNING - Poll cycle took 0.335s (exceeds 0.25s)
2025-11-08 00:43:27,560 - state_manager - WARNING - Poll cycle took 0.321s (exceeds 0.25s)
2025-11-08 00:43:27,895 - state_manager - WARNING - Poll cycle took 0.335s (exceeds 0.25s)
2025-11-08 00:43:28,245 - state_manager - WARNING - Poll cycle took 0.350s (exceeds 0.25s)
2025-11-08 00:43:28,588 - state_manager - WARNING - Poll cycle took 0.343s (exceeds 0.25s)
2025-11-08 00:43:28,915 - state_manager - WARNING - Poll cycle took 0.326s (exceeds 0.25s)
2025-11-08 00:43:29,272 - state_manager - WARNING - Poll cycle took 0.357s (exceeds 0.25s)
2025-11-08 00:43:29,608 - state_manager - WARNING - Poll cycle took 0.336s (exceeds 0.25s)
2025-11-08 00:43:29,950 - state_manager - WARNING - Poll cycle took 0.342s (exceeds 0.25s)
2025-11-08 00:43:30,293 - state_manager - WARNING - Poll cycle took 0.342s (exceeds 0.25s)
2025-11-08 00:43:30,636 - state_manager - WARNING - Poll cycle took 0.343s (exceeds 0.25s)
2025-11-08 00:43:30,978 - state_manager - WARNING - Poll cycle took 0.342s (exceeds 0.25s)
2025-11-08 00:43:31,298 - state_manager - WARNING - Poll cycle took 0.320s (exceeds 0.25s)
2025-11-08 00:43:31,634 - state_manager - WARNING - Poll cycle took 0.336s (exceeds 0.25s)
2025-11-08 00:43:31,977 - state_manager - WARNING - Poll cycle took 0.343s (exceeds 0.25s)
2025-11-08 00:43:32,305 - state_manager - WARNING - Poll cycle took 0.328s (exceeds 0.25s)
2025-11-08 00:43:32,662 - state_manager - WARNING - Poll cycle took 0.357s (exceeds 0.25s)
2025-11-08 00:43:33,004 - state_manager - WARNING - Poll cycle took 0.342s (exceeds 0.25s)
2025-11-08 00:43:33,348 - state_manager - WARNING - Poll cycle took 0.343s (exceeds 0.25s)
2025-11-08 00:43:33,704 - state_manager - WARNING - Poll cycle took 0.357s (exceeds 0.25s)
2025-11-08 00:43:34,026 - state_manager - WARNING - Poll cycle took 0.321s (exceeds 0.25s)
2025-11-08 00:43:34,368 - state_manager - WARNING - Poll cycle took 0.342s (exceeds 0.25s)
2025-11-08 00:43:34,733 - state_manager - WARNING - Poll cycle took 0.365s (exceeds 0.25s)
2025-11-08 00:43:35,060 - state_manager - WARNING - Poll cycle took 0.327s (exceeds 0.25s)
2025-11-08 00:43:35,388 - state_manager - WARNING - Poll cycle took 0.328s (exceeds 0.25s)
2025-11-08 00:43:35,730 - state_manager - WARNING - Poll cycle took 0.342s (exceeds 0.25s)
2025-11-08 00:43:36,059 - state_manager - WARNING - Poll cycle took 0.328s (exceeds 0.25s)
2025-11-08 00:43:36,394 - state_manager - WARNING - Poll cycle took 0.335s (exceeds 0.25s)
2025-11-08 00:43:36,736 - state_manager - WARNING - Poll cycle took 0.342s (exceeds 0.25s)
2025-11-08 00:43:37,079 - state_manager - WARNING - Poll cycle took 0.343s (exceeds 0.25s)
2025-11-08 00:43:37,414 - state_manager - WARNING - Poll cycle took 0.335s (exceeds 0.25s)
2025-11-08 00:43:37,773 - state_manager - WARNING - Poll cycle took 0.358s (exceeds 0.25s)
2025-11-08 00:43:38,122 - state_manager - WARNING - Poll cycle took 0.349s (exceeds 0.25s)
2025-11-08 00:43:38,472 - state_manager - WARNING - Poll cycle took 0.350s (exceeds 0.25s)
2025-11-08 00:43:38,829 - state_manager - WARNING - Poll cycle took 0.356s (exceeds 0.25s)
2025-11-08 00:43:39,172 - state_manager - WARNING - Poll cycle took 0.343s (exceeds 0.25s)
2025-11-08 00:43:39,493 - state_manager - WARNING - Poll cycle took 0.320s (exceeds 0.25s)
2025-11-08 00:43:39,820 - state_manager - WARNING - Poll cycle took 0.327s (exceeds 0.25s)
2025-11-08 00:43:40,162 - state_manager - WARNING - Poll cycle took 0.343s (exceeds 0.25s)
2025-11-08 00:43:40,512 - state_manager - WARNING - Poll cycle took 0.350s (exceeds 0.25s)
2025-11-08 00:43:40,855 - state_manager - WARNING - Poll cycle took 0.343s (exceeds 0.25s)
2025-11-08 00:43:41,197 - state_manager - WARNING - Poll cycle took 0.342s (exceeds 0.25s)
2025-11-08 00:43:41,556 - state_manager - WARNING - Poll cycle took 0.358s (exceeds 0.25s)
2025-11-08 00:43:41,891 - state_manager - WARNING - Poll cycle took 0.335s (exceeds 0.25s)
2025-11-08 00:43:42,234 - state_manager - WARNING - Poll cycle took 0.343s (exceeds 0.25s)
2025-11-08 00:43:42,576 - state_manager - WARNING - Poll cycle took 0.342s (exceeds 0.25s)
2025-11-08 00:43:42,933 - state_manager - WARNING - Poll cycle took 0.357s (exceeds 0.25s)
2025-11-08 00:43:43,276 - state_manager - WARNING - Poll cycle took 0.342s (exceeds 0.25s)
2025-11-08 00:43:43,611 - state_manager - WARNING - Poll cycle took 0.335s (exceeds 0.25s)
2025-11-08 00:43:43,939 - state_manager - WARNING - Poll cycle took 0.328s (exceeds 0.25s)
2025-11-08 00:43:44,281 - state_manager - WARNING - Poll cycle took 0.342s (exceeds 0.25s)
2025-11-08 00:43:44,632 - state_manager - WARNING - Poll cycle took 0.351s (exceeds 0.25s)
2025-11-08 00:43:44,959 - state_manager - WARNING - Poll cycle took 0.326s (exceeds 0.25s)
2025-11-08 00:43:45,303 - state_manager - WARNING - Poll cycle took 0.343s (exceeds 0.25s)
2025-11-08 00:43:45,645 - state_manager - WARNING - Poll cycle took 0.342s (exceeds 0.25s)
2025-11-08 00:43:45,980 - state_manager - WARNING - Poll cycle took 0.335s (exceeds 0.25s)
2025-11-08 00:43:46,301 - state_manager - WARNING - Poll cycle took 0.321s (exceeds 0.25s)
2025-11-08 00:43:46,643 - state_manager - WARNING - Poll cycle took 0.342s (exceeds 0.25s)
2025-11-08 00:43:46,994 - state_manager - WARNING - Poll cycle took 0.351s (exceeds 0.25s)
2025-11-08 00:43:47,344 - state_manager - WARNING - Poll cycle took 0.350s (exceeds 0.25s)
2025-11-08 00:43:47,657 - state_manager - WARNING - Poll cycle took 0.313s (exceeds 0.25s)
2025-11-08 00:43:47,999 - state_manager - WARNING - Poll cycle took 0.342s (exceeds 0.25s)
2025-11-08 00:43:48,333 - state_manager - WARNING - Poll cycle took 0.334s (exceeds 0.25s)
2025-11-08 00:43:48,662 - state_manager - WARNING - Poll cycle took 0.329s (exceeds 0.25s)
2025-11-08 00:43:49,005 - state_manager - WARNING - Poll cycle took 0.342s (exceeds 0.25s)
2025-11-08 00:43:49,361 - state_manager - WARNING - Poll cycle took 0.356s (exceeds 0.25s)
2025-11-08 00:43:49,683 - state_manager - WARNING - Poll cycle took 0.322s (exceeds 0.25s)
2025-11-08 00:43:50,024 - state_manager - WARNING - Poll cycle took 0.341s (exceeds 0.25s)
2025-11-08 00:43:50,368 - state_manager - WARNING - Poll cycle took 0.343s (exceeds 0.25s)
2025-11-08 00:43:50,717 - state_manager - WARNING - Poll cycle took 0.349s (exceeds 0.25s)
2025-11-08 00:43:51,061 - state_manager - WARNING - Poll cycle took 0.343s (exceeds 0.25s)
2025-11-08 00:43:51,389 - state_manager - WARNING - Poll cycle took 0.328s (exceeds 0.25s)
2025-11-08 00:43:51,745 - state_manager - WARNING - Poll cycle took 0.356s (exceeds 0.25s)
2025-11-08 00:43:52,096 - state_manager - WARNING - Poll cycle took 0.350s (exceeds 0.25s)
2025-11-08 00:43:52,446 - state_manager - WARNING - Poll cycle took 0.350s (exceeds 0.25s)
2025-11-08 00:43:52,796 - state_manager - WARNING - Poll cycle took 0.350s (exceeds 0.25s)
2025-11-08 00:43:53,153 - state_manager - WARNING - Poll cycle took 0.358s (exceeds 0.25s)
2025-11-08 00:43:53,504 - state_manager - WARNING - Poll cycle took 0.351s (exceeds 0.25s)
2025-11-08 00:43:53,846 - state_manager - WARNING - Poll cycle took 0.341s (exceeds 0.25s)
2025-11-08 00:43:54,189 - state_manager - WARNING - Poll cycle took 0.343s (exceeds 0.25s)
2025-11-08 00:43:54,517 - state_manager - WARNING - Poll cycle took 0.328s (exceeds 0.25s)
2025-11-08 00:43:54,874 - state_manager - WARNING - Poll cycle took 0.357s (exceeds 0.25s)
2025-11-08 00:43:55,216 - state_manager - WARNING - Poll cycle took 0.342s (exceeds 0.25s)
2025-11-08 00:43:55,544 - state_manager - WARNING - Poll cycle took 0.328s (exceeds 0.25s)
2025-11-08 00:43:55,894 - state_manager - WARNING - Poll cycle took 0.349s (exceeds 0.25s)
2025-11-08 00:43:56,230 - state_manager - WARNING - Poll cycle took 0.337s (exceeds 0.25s)
2025-11-08 00:43:56,579 - state_manager - WARNING - Poll cycle took 0.349s (exceeds 0.25s)
2025-11-08 00:43:56,915 - state_manager - WARNING - Poll cycle took 0.335s (exceeds 0.25s)
2025-11-08 00:43:57,242 - state_manager - WARNING - Poll cycle took 0.327s (exceeds 0.25s)
2025-11-08 00:43:57,600 - state_manager - WARNING - Poll cycle took 0.358s (exceeds 0.25s)
2025-11-08 00:43:57,942 - state_manager - WARNING - Poll cycle took 0.342s (exceeds 0.25s)
2025-11-08 00:43:58,292 - state_manager - WARNING - Poll cycle took 0.350s (exceeds 0.25s)
2025-11-08 00:43:58,620 - state_manager - WARNING - Poll cycle took 0.327s (exceeds 0.25s)
2025-11-08 00:43:58,978 - state_manager - WARNING - Poll cycle took 0.357s (exceeds 0.25s)
2025-11-08 00:43:59,320 - state_manager - WARNING - Poll cycle took 0.342s (exceeds 0.25s)
2025-11-08 00:43:59,662 - state_manager - WARNING - Poll cycle took 0.342s (exceeds 0.25s)
2025-11-08 00:44:00,013 - state_manager - WARNING - Poll cycle took 0.351s (exceeds 0.25s)
2025-11-08 00:44:00,342 - state_manager - WARNING - Poll cycle took 0.328s (exceeds 0.25s)
2025-11-08 00:44:00,684 - state_manager - WARNING - Poll cycle took 0.342s (exceeds 0.25s)
2025-11-08 00:44:01,026 - state_manager - WARNING - Poll cycle took 0.342s (exceeds 0.25s)
2025-11-08 00:44:01,384 - state_manager - WARNING - Poll cycle took 0.358s (exceeds 0.25s)
2025-11-08 00:44:01,733 - state_manager - WARNING - Poll cycle took 0.349s (exceeds 0.25s)
2025-11-08 00:44:02,061 - state_manager - WARNING - Poll cycle took 0.328s (exceeds 0.25s)
2025-11-08 00:44:02,404 - state_manager - WARNING - Poll cycle took 0.343s (exceeds 0.25s)
2025-11-08 00:44:02,761 - state_manager - WARNING - Poll cycle took 0.357s (exceeds 0.25s)
2025-11-08 00:44:03,112 - state_manager - WARNING - Poll cycle took 0.350s (exceeds 0.25s)
2025-11-08 00:44:03,454 - state_manager - WARNING - Poll cycle took 0.342s (exceeds 0.25s)
2025-11-08 00:44:03,797 - state_manager - WARNING - Poll cycle took 0.343s (exceeds 0.25s)
2025-11-08 00:44:04,147 - state_manager - WARNING - Poll cycle took 0.349s (exceeds 0.25s)
2025-11-08 00:44:04,490 - state_manager - WARNING - Poll cycle took 0.344s (exceeds 0.25s)
2025-11-08 00:44:04,817 - state_manager - WARNING - Poll cycle took 0.327s (exceeds 0.25s)
2025-11-08 00:44:05,160 - state_manager - WARNING - Poll cycle took 0.343s (exceeds 0.25s)
2025-11-08 00:44:05,503 - state_manager - WARNING - Poll cycle took 0.343s (exceeds 0.25s)
2025-11-08 00:44:05,838 - state_manager - WARNING - Poll cycle took 0.335s (exceeds 0.25s)
2025-11-08 00:44:06,188 - state_manager - WARNING - Poll cycle took 0.349s (exceeds 0.25s)
2025-11-08 00:44:06,530 - state_manager - WARNING - Poll cycle took 0.342s (exceeds 0.25s)
2025-11-08 00:44:06,873 - state_manager - WARNING - Poll cycle took 0.343s (exceeds 0.25s)
2025-11-08 00:44:07,216 - state_manager - WARNING - Poll cycle took 0.343s (exceeds 0.25s)
2025-11-08 00:44:07,544 - state_manager - WARNING - Poll cycle took 0.327s (exceeds 0.25s)
2025-11-08 00:44:07,879 - state_manager - WARNING - Poll cycle took 0.335s (exceeds 0.25s)
2025-11-08 00:44:08,229 - state_manager - WARNING - Poll cycle took 0.350s (exceeds 0.25s)
2025-11-08 00:44:08,563 - state_manager - WARNING - Poll cycle took 0.335s (exceeds 0.25s)
2025-11-08 00:44:08,892 - state_manager - WARNING - Poll cycle took 0.328s (exceeds 0.25s)
2025-11-08 00:44:09,250 - state_manager - WARNING - Poll cycle took 0.358s (exceeds 0.25s)
2025-11-08 00:44:09,577 - state_manager - WARNING - Poll cycle took 0.327s (exceeds 0.25s)
2025-11-08 00:44:09,927 - state_manager - WARNING - Poll cycle took 0.350s (exceeds 0.25s)
2025-11-08 00:44:10,262 - state_manager - WARNING - Poll cycle took 0.334s (exceeds 0.25s)
2025-11-08 00:44:10,612 - state_manager - WARNING - Poll cycle took 0.350s (exceeds 0.25s)
2025-11-08 00:44:10,970 - state_manager - WARNING - Poll cycle took 0.358s (exceeds 0.25s)
2025-11-08 00:44:11,321 - state_manager - WARNING - Poll cycle took 0.351s (exceeds 0.25s)
2025-11-08 00:44:11,663 - state_manager - WARNING - Poll cycle took 0.342s (exceeds 0.25s)
2025-11-08 00:44:12,005 - state_manager - WARNING - Poll cycle took 0.342s (exceeds 0.25s)
2025-11-08 00:44:12,355 - state_manager - WARNING - Poll cycle took 0.349s (exceeds 0.25s)
2025-11-08 00:44:12,698 - state_manager - WARNING - Poll cycle took 0.343s (exceeds 0.25s)
2025-11-08 00:44:13,040 - state_manager - WARNING - Poll cycle took 0.342s (exceeds 0.25s)
2025-11-08 00:44:13,338 - state_manager - WARNING - Poll cycle took 0.298s (exceeds 0.25s)
2025-11-08 00:44:13,696 - state_manager - WARNING - Poll cycle took 0.358s (exceeds 0.25s)
2025-11-08 00:44:14,039 - state_manager - WARNING - Poll cycle took 0.342s (exceeds 0.25s)
2025-11-08 00:44:14,359 - state_manager - WARNING - Poll cycle took 0.320s (exceeds 0.25s)
2025-11-08 00:44:14,702 - state_manager - WARNING - Poll cycle took 0.343s (exceeds 0.25s)
2025-11-08 00:44:15,029 - state_manager - WARNING - Poll cycle took 0.327s (exceeds 0.25s)
2025-11-08 00:44:15,380 - state_manager - WARNING - Poll cycle took 0.351s (exceeds 0.25s)
2025-11-08 00:44:15,737 - state_manager - WARNING - Poll cycle took 0.357s (exceeds 0.25s)
2025-11-08 00:44:16,080 - state_manager - WARNING - Poll cycle took 0.343s (exceeds 0.25s)
2025-11-08 00:44:16,422 - state_manager - WARNING - Poll cycle took 0.342s (exceeds 0.25s)
2025-11-08 00:44:16,773 - state_manager - WARNING - Poll cycle took 0.350s (exceeds 0.25s)
2025-11-08 00:44:17,130 - state_manager - WARNING - Poll cycle took 0.357s (exceeds 0.25s)
2025-11-08 00:44:17,457 - state_manager - WARNING - Poll cycle took 0.327s (exceeds 0.25s)
2025-11-08 00:44:17,808 - state_manager - WARNING - Poll cycle took 0.350s (exceeds 0.25s)
2025-11-08 00:44:18,143 - state_manager - WARNING - Poll cycle took 0.335s (exceeds 0.25s)
2025-11-08 00:44:18,449 - state_manager - WARNING - Poll cycle took 0.306s (exceeds 0.25s)
2025-11-08 00:44:18,792 - state_manager - WARNING - Poll cycle took 0.343s (exceeds 0.25s)
2025-11-08 00:44:19,134 - state_manager - WARNING - Poll cycle took 0.342s (exceeds 0.25s)
2025-11-08 00:44:19,470 - state_manager - WARNING - Poll cycle took 0.336s (exceeds 0.25s)
2025-11-08 00:44:19,827 - state_manager - WARNING - Poll cycle took 0.357s (exceeds 0.25s)
2025-11-08 00:44:20,170 - state_manager - WARNING - Poll cycle took 0.342s (exceeds 0.25s)
2025-11-08 00:44:20,504 - state_manager - WARNING - Poll cycle took 0.334s (exceeds 0.25s)
2025-11-08 00:44:20,832 - state_manager - WARNING - Poll cycle took 0.328s (exceeds 0.25s)
2025-11-08 00:44:21,175 - state_manager - WARNING - Poll cycle took 0.342s (exceeds 0.25s)
2025-11-08 00:44:21,518 - state_manager - WARNING - Poll cycle took 0.343s (exceeds 0.25s)
2025-11-08 00:44:21,860 - state_manager - WARNING - Poll cycle took 0.342s (exceeds 0.25s)
2025-11-08 00:44:22,225 - state_manager - WARNING - Poll cycle took 0.364s (exceeds 0.25s)
2025-11-08 00:44:22,553 - state_manager - WARNING - Poll cycle took 0.329s (exceeds 0.25s)
2025-11-08 00:44:22,910 - state_manager - WARNING - Poll cycle took 0.356s (exceeds 0.25s)
2025-11-08 00:44:23,223 - state_manager - WARNING - Poll cycle took 0.314s (exceeds 0.25s)
2025-11-08 00:44:23,544 - state_manager - WARNING - Poll cycle took 0.320s (exceeds 0.25s)
2025-11-08 00:44:23,872 - state_manager - WARNING - Poll cycle took 0.328s (exceeds 0.25s)
2025-11-08 00:44:24,214 - state_manager - WARNING - Poll cycle took 0.342s (exceeds 0.25s)
2025-11-08 00:44:24,579 - state_manager - WARNING - Poll cycle took 0.365s (exceeds 0.25s)
2025-11-08 00:44:24,878 - state_manager - WARNING - Poll cycle took 0.299s (exceeds 0.25s)
2025-11-08 00:44:25,234 - state_manager - WARNING - Poll cycle took 0.356s (exceeds 0.25s)
2025-11-08 00:44:25,577 - state_manager - WARNING - Poll cycle took 0.342s (exceeds 0.25s)
2025-11-08 00:44:25,905 - state_manager - WARNING - Poll cycle took 0.328s (exceeds 0.25s)
2025-11-08 00:44:26,255 - state_manager - WARNING - Poll cycle took 0.350s (exceeds 0.25s)
2025-11-08 00:44:26,598 - state_manager - WARNING - Poll cycle took 0.343s (exceeds 0.25s)
2025-11-08 00:44:26,940 - state_manager - WARNING - Poll cycle took 0.342s (exceeds 0.25s)
2025-11-08 00:44:27,261 - state_manager - WARNING - Poll cycle took 0.321s (exceeds 0.25s)
2025-11-08 00:44:27,618 - state_manager - WARNING - Poll cycle took 0.356s (exceeds 0.25s)
2025-11-08 00:44:27,968 - state_manager - WARNING - Poll cycle took 0.350s (exceeds 0.25s)
2025-11-08 00:44:28,311 - state_manager - WARNING - Poll cycle took 0.343s (exceeds 0.25s)
2025-11-08 00:44:28,654 - state_manager - WARNING - Poll cycle took 0.343s (exceeds 0.25s)
2025-11-08 00:44:28,981 - state_manager - WARNING - Poll cycle took 0.326s (exceeds 0.25s)
2025-11-08 00:44:29,338 - state_manager - WARNING - Poll cycle took 0.357s (exceeds 0.25s)
2025-11-08 00:44:29,682 - state_manager - WARNING - Poll cycle took 0.343s (exceeds 0.25s)
2025-11-08 00:44:30,003 - state_manager - WARNING - Poll cycle took 0.321s (exceeds 0.25s)
2025-11-08 00:44:30,330 - state_manager - WARNING - Poll cycle took 0.327s (exceeds 0.25s)
2025-11-08 00:44:30,665 - state_manager - WARNING - Poll cycle took 0.335s (exceeds 0.25s)
2025-11-08 00:44:31,008 - state_manager - WARNING - Poll cycle took 0.343s (exceeds 0.25s)
2025-11-08 00:44:31,358 - state_manager - WARNING - Poll cycle took 0.350s (exceeds 0.25s)
2025-11-08 00:44:31,708 - state_manager - WARNING - Poll cycle took 0.350s (exceeds 0.25s)
2025-11-08 00:44:32,050 - state_manager - WARNING - Poll cycle took 0.342s (exceeds 0.25s)
2025-11-08 00:44:32,408 - state_manager - WARNING - Poll cycle took 0.358s (exceeds 0.25s)
2025-11-08 00:44:32,743 - state_manager - WARNING - Poll cycle took 0.334s (exceeds 0.25s)
2025-11-08 00:44:33,086 - state_manager - WARNING - Poll cycle took 0.343s (exceeds 0.25s)
2025-11-08 00:44:33,429 - state_manager - WARNING - Poll cycle took 0.343s (exceeds 0.25s)
2025-11-08 00:44:33,785 - state_manager - WARNING - Poll cycle took 0.356s (exceeds 0.25s)
2025-11-08 00:44:34,128 - state_manager - WARNING - Poll cycle took 0.343s (exceeds 0.25s)
2025-11-08 00:44:34,463 - state_manager - WARNING - Poll cycle took 0.335s (exceeds 0.25s)
2025-11-08 00:44:34,806 - state_manager - WARNING - Poll cycle took 0.343s (exceeds 0.25s)
2025-11-08 00:44:35,149 - state_manager - WARNING - Poll cycle took 0.343s (exceeds 0.25s)
2025-11-08 00:44:35,490 - state_manager - WARNING - Poll cycle took 0.341s (exceeds 0.25s)
2025-11-08 00:44:35,848 - state_manager - WARNING - Poll cycle took 0.358s (exceeds 0.25s)
2025-11-08 00:44:36,198 - state_manager - WARNING - Poll cycle took 0.350s (exceeds 0.25s)
2025-11-08 00:44:36,541 - state_manager - WARNING - Poll cycle took 0.342s (exceeds 0.25s)
2025-11-08 00:44:36,883 - state_manager - WARNING - Poll cycle took 0.342s (exceeds 0.25s)
2025-11-08 00:44:37,233 - state_manager - WARNING - Poll cycle took 0.350s (exceeds 0.25s)
2025-11-08 00:44:37,576 - state_manager - WARNING - Poll cycle took 0.343s (exceeds 0.25s)
2025-11-08 00:44:37,904 - state_manager - WARNING - Poll cycle took 0.327s (exceeds 0.25s)
2025-11-08 00:44:38,246 - state_manager - WARNING - Poll cycle took 0.343s (exceeds 0.25s)
2025-11-08 00:44:38,589 - state_manager - WARNING - Poll cycle took 0.343s (exceeds 0.25s)
2025-11-08 00:44:38,946 - state_manager - WARNING - Poll cycle took 0.357s (exceeds 0.25s)
2025-11-08 00:44:39,266 - state_manager - WARNING - Poll cycle took 0.319s (exceeds 0.25s)
2025-11-08 00:44:39,588 - state_manager - WARNING - Poll cycle took 0.322s (exceeds 0.25s)
2025-11-08 00:44:39,931 - state_manager - WARNING - Poll cycle took 0.343s (exceeds 0.25s)
2025-11-08 00:44:40,273 - state_manager - WARNING - Poll cycle took 0.341s (exceeds 0.25s)
2025-11-08 00:44:40,616 - state_manager - WARNING - Poll cycle took 0.343s (exceeds 0.25s)
2025-11-08 00:44:40,966 - state_manager - WARNING - Poll cycle took 0.350s (exceeds 0.25s)
2025-11-08 00:44:41,301 - state_manager - WARNING - Poll cycle took 0.335s (exceeds 0.25s)
2025-11-08 00:44:41,635 - state_manager - WARNING - Poll cycle took 0.334s (exceeds 0.25s)
2025-11-08 00:44:41,993 - state_manager - WARNING - Poll cycle took 0.358s (exceeds 0.25s)
2025-11-08 00:44:42,335 - state_manager - WARNING - Poll cycle took 0.342s (exceeds 0.25s)
2025-11-08 00:44:42,678 - state_manager - WARNING - Poll cycle took 0.343s (exceeds 0.25s)
2025-11-08 00:44:43,028 - state_manager - WARNING - Poll cycle took 0.350s (exceeds 0.25s)
2025-11-08 00:44:43,357 - state_manager - WARNING - Poll cycle took 0.329s (exceeds 0.25s)
2025-11-08 00:44:43,714 - state_manager - WARNING - Poll cycle took 0.357s (exceeds 0.25s)
2025-11-08 00:44:44,057 - state_manager - WARNING - Poll cycle took 0.343s (exceeds 0.25s)
2025-11-08 00:44:44,384 - state_manager - WARNING - Poll cycle took 0.327s (exceeds 0.25s)
2025-11-08 00:44:44,727 - state_manager - WARNING - Poll cycle took 0.343s (exceeds 0.25s)
2025-11-08 00:44:45,077 - state_manager - WARNING - Poll cycle took 0.349s (exceeds 0.25s)
2025-11-08 00:44:45,420 - state_manager - WARNING - Poll cycle took 0.343s (exceeds 0.25s)
2025-11-08 00:44:45,762 - state_manager - WARNING - Poll cycle took 0.342s (exceeds 0.25s)
2025-11-08 00:44:46,119 - state_manager - WARNING - Poll cycle took 0.357s (exceeds 0.25s)
2025-11-08 00:44:46,455 - state_manager - WARNING - Poll cycle took 0.335s (exceeds 0.25s)
2025-11-08 00:44:46,798 - state_manager - WARNING - Poll cycle took 0.343s (exceeds 0.25s)
2025-11-08 00:44:47,125 - state_manager - WARNING - Poll cycle took 0.327s (exceeds 0.25s)
2025-11-08 00:44:47,446 - state_manager - WARNING - Poll cycle took 0.320s (exceeds 0.25s)
2025-11-08 00:44:47,797 - state_manager - WARNING - Poll cycle took 0.350s (exceeds 0.25s)
2025-11-08 00:44:48,131 - state_manager - WARNING - Poll cycle took 0.334s (exceeds 0.25s)
2025-11-08 00:44:48,451 - state_manager - WARNING - Poll cycle took 0.320s (exceeds 0.25s)
2025-11-08 00:44:48,779 - state_manager - WARNING - Poll cycle took 0.328s (exceeds 0.25s)
2025-11-08 00:44:49,121 - state_manager - WARNING - Poll cycle took 0.342s (exceeds 0.25s)
2025-11-08 00:44:49,458 - state_manager - WARNING - Poll cycle took 0.337s (exceeds 0.25s)
2025-11-08 00:44:49,785 - state_manager - WARNING - Poll cycle took 0.327s (exceeds 0.25s)
2025-11-08 00:44:50,128 - state_manager - WARNING - Poll cycle took 0.343s (exceeds 0.25s)
2025-11-08 00:44:50,486 - state_manager - WARNING - Poll cycle took 0.358s (exceeds 0.25s)
2025-11-08 00:44:50,806 - state_manager - WARNING - Poll cycle took 0.320s (exceeds 0.25s)
2025-11-08 00:44:51,162 - state_manager - WARNING - Poll cycle took 0.356s (exceeds 0.25s)
2025-11-08 00:44:51,521 - state_manager - WARNING - Poll cycle took 0.358s (exceeds 0.25s)
2025-11-08 00:44:51,864 - state_manager - WARNING - Poll cycle took 0.342s (exceeds 0.25s)
2025-11-08 00:44:52,214 - state_manager - WARNING - Poll cycle took 0.350s (exceeds 0.25s)
2025-11-08 00:44:52,563 - state_manager - WARNING - Poll cycle took 0.349s (exceeds 0.25s)
2025-11-08 00:44:52,906 - state_manager - WARNING - Poll cycle took 0.342s (exceeds 0.25s)
2025-11-08 00:44:53,256 - state_manager - WARNING - Poll cycle took 0.350s (exceeds 0.25s)
2025-11-08 00:44:53,613 - state_manager - WARNING - Poll cycle took 0.357s (exceeds 0.25s)
2025-11-08 00:44:53,949 - state_manager - WARNING - Poll cycle took 0.335s (exceeds 0.25s)
2025-11-08 00:44:54,292 - state_manager - WARNING - Poll cycle took 0.343s (exceeds 0.25s)
2025-11-08 00:44:54,648 - state_manager - WARNING - Poll cycle took 0.356s (exceeds 0.25s)
2025-11-08 00:44:54,977 - state_manager - WARNING - Poll cycle took 0.328s (exceeds 0.25s)
2025-11-08 00:44:55,334 - state_manager - WARNING - Poll cycle took 0.357s (exceeds 0.25s)
2025-11-08 00:44:55,684 - state_manager - WARNING - Poll cycle took 0.350s (exceeds 0.25s)
2025-11-08 00:44:56,027 - state_manager - WARNING - Poll cycle took 0.342s (exceeds 0.25s)
2025-11-08 00:44:56,370 - state_manager - WARNING - Poll cycle took 0.343s (exceeds 0.25s)
2025-11-08 00:44:56,727 - state_manager - WARNING - Poll cycle took 0.357s (exceeds 0.25s)
2025-11-08 00:44:57,084 - state_manager - WARNING - Poll cycle took 0.357s (exceeds 0.25s)
2025-11-08 00:44:57,405 - state_manager - WARNING - Poll cycle took 0.320s (exceeds 0.25s)
2025-11-08 00:44:57,754 - state_manager - WARNING - Poll cycle took 0.350s (exceeds 0.25s)
2025-11-08 00:44:58,090 - state_manager - WARNING - Poll cycle took 0.336s (exceeds 0.25s)
2025-11-08 00:44:58,433 - state_manager - WARNING - Poll cycle took 0.343s (exceeds 0.25s)
2025-11-08 00:44:58,783 - state_manager - WARNING - Poll cycle took 0.350s (exceeds 0.25s)
2025-11-08 00:44:59,140 - state_manager - WARNING - Poll cycle took 0.356s (exceeds 0.25s)
2025-11-08 00:44:59,497 - state_manager - WARNING - Poll cycle took 0.358s (exceeds 0.25s)
2025-11-08 00:44:59,839 - state_manager - WARNING - Poll cycle took 0.342s (exceeds 0.25s)
2025-11-08 00:45:00,182 - state_manager - WARNING - Poll cycle took 0.343s (exceeds 0.25s)
2025-11-08 00:45:00,533 - state_manager - WARNING - Poll cycle took 0.350s (exceeds 0.25s)
2025-11-08 00:45:00,862 - state_manager - WARNING - Poll cycle took 0.329s (exceeds 0.25s)
2025-11-08 00:45:01,203 - state_manager - WARNING - Poll cycle took 0.341s (exceeds 0.25s)
2025-11-08 00:45:01,546 - state_manager - WARNING - Poll cycle took 0.343s (exceeds 0.25s)
2025-11-08 00:45:01,904 - state_manager - WARNING - Poll cycle took 0.357s (exceeds 0.25s)
2025-11-08 00:45:02,239 - state_manager - WARNING - Poll cycle took 0.335s (exceeds 0.25s)
2025-11-08 00:45:02,573 - state_manager - WARNING - Poll cycle took 0.334s (exceeds 0.25s)
2025-11-08 00:45:02,924 - state_manager - WARNING - Poll cycle took 0.351s (exceeds 0.25s)
2025-11-08 00:45:03,283 - state_manager - WARNING - Poll cycle took 0.358s (exceeds 0.25s)
2025-11-08 00:45:03,618 - state_manager - WARNING - Poll cycle took 0.335s (exceeds 0.25s)
2025-11-08 00:45:03,975 - state_manager - WARNING - Poll cycle took 0.356s (exceeds 0.25s)
2025-11-08 00:45:04,325 - state_manager - WARNING - Poll cycle took 0.350s (exceeds 0.25s)
2025-11-08 00:45:04,667 - state_manager - WARNING - Poll cycle took 0.341s (exceeds 0.25s)
2025-11-08 00:45:05,018 - state_manager - WARNING - Poll cycle took 0.351s (exceeds 0.25s)
2025-11-08 00:45:05,369 - state_manager - WARNING - Poll cycle took 0.350s (exceeds 0.25s)
2025-11-08 00:45:05,726 - state_manager - WARNING - Poll cycle took 0.357s (exceeds 0.25s)
2025-11-08 00:45:06,068 - state_manager - WARNING - Poll cycle took 0.342s (exceeds 0.25s)
2025-11-08 00:45:06,426 - state_manager - WARNING - Poll cycle took 0.358s (exceeds 0.25s)
2025-11-08 00:45:06,784 - state_manager - WARNING - Poll cycle took 0.358s (exceeds 0.25s)
2025-11-08 00:45:07,118 - state_manager - WARNING - Poll cycle took 0.334s (exceeds 0.25s)
2025-11-08 00:45:07,447 - state_manager - WARNING - Poll cycle took 0.329s (exceeds 0.25s)
2025-11-08 00:45:07,789 - state_manager - WARNING - Poll cycle took 0.342s (exceeds 0.25s)
2025-11-08 00:45:08,132 - state_manager - WARNING - Poll cycle took 0.343s (exceeds 0.25s)
2025-11-08 00:45:08,467 - state_manager - WARNING - Poll cycle took 0.335s (exceeds 0.25s)
2025-11-08 00:45:08,802 - state_manager - WARNING - Poll cycle took 0.335s (exceeds 0.25s)
2025-11-08 00:45:09,145 - state_manager - WARNING - Poll cycle took 0.342s (exceeds 0.25s)
2025-11-08 00:45:09,495 - state_manager - WARNING - Poll cycle took 0.350s (exceeds 0.25s)
2025-11-08 00:45:09,846 - state_manager - WARNING - Poll cycle took 0.351s (exceeds 0.25s)
2025-11-08 00:45:10,203 - state_manager - WARNING - Poll cycle took 0.357s (exceeds 0.25s)
2025-11-08 00:45:10,553 - state_manager - WARNING - Poll cycle took 0.350s (exceeds 0.25s)
2025-11-08 00:45:10,896 - state_manager - WARNING - Poll cycle took 0.344s (exceeds 0.25s)
2025-11-08 00:45:11,246 - state_manager - WARNING - Poll cycle took 0.349s (exceeds 0.25s)
2025-11-08 00:45:11,596 - state_manager - WARNING - Poll cycle took 0.350s (exceeds 0.25s)
2025-11-08 00:45:11,938 - state_manager - WARNING - Poll cycle took 0.342s (exceeds 0.25s)
2025-11-08 00:45:12,267 - state_manager - WARNING - Poll cycle took 0.328s (exceeds 0.25s)
2025-11-08 00:45:12,617 - state_manager - WARNING - Poll cycle took 0.350s (exceeds 0.25s)
2025-11-08 00:45:12,959 - state_manager - WARNING - Poll cycle took 0.342s (exceeds 0.25s)
2025-11-08 00:45:13,302 - state_manager - WARNING - Poll cycle took 0.343s (exceeds 0.25s)
2025-11-08 00:45:13,659 - state_manager - WARNING - Poll cycle took 0.357s (exceeds 0.25s)
2025-11-08 00:45:14,017 - state_manager - WARNING - Poll cycle took 0.358s (exceeds 0.25s)
2025-11-08 00:45:14,359 - state_manager - WARNING - Poll cycle took 0.342s (exceeds 0.25s)
2025-11-08 00:45:14,703 - state_manager - WARNING - Poll cycle took 0.343s (exceeds 0.25s)
2025-11-08 00:45:15,038 - state_manager - WARNING - Poll cycle took 0.335s (exceeds 0.25s)
2025-11-08 00:45:15,381 - state_manager - WARNING - Poll cycle took 0.343s (exceeds 0.25s)
2025-11-08 00:45:15,716 - state_manager - WARNING - Poll cycle took 0.335s (exceeds 0.25s)
2025-11-08 00:45:16,059 - state_manager - WARNING - Poll cycle took 0.343s (exceeds 0.25s)
2025-11-08 00:45:16,386 - state_manager - WARNING - Poll cycle took 0.327s (exceeds 0.25s)
2025-11-08 00:45:16,729 - state_manager - WARNING - Poll cycle took 0.343s (exceeds 0.25s)
2025-11-08 00:45:17,072 - state_manager - WARNING - Poll cycle took 0.342s (exceeds 0.25s)
2025-11-08 00:45:17,429 - state_manager - WARNING - Poll cycle took 0.357s (exceeds 0.25s)
2025-11-08 00:45:17,765 - state_manager - WARNING - Poll cycle took 0.335s (exceeds 0.25s)
2025-11-08 00:45:18,123 - state_manager - WARNING - Poll cycle took 0.358s (exceeds 0.25s)
2025-11-08 00:45:18,473 - state_manager - WARNING - Poll cycle took 0.350s (exceeds 0.25s)
2025-11-08 00:45:18,822 - state_manager - WARNING - Poll cycle took 0.350s (exceeds 0.25s)
2025-11-08 00:45:19,180 - state_manager - WARNING - Poll cycle took 0.357s (exceeds 0.25s)
2025-11-08 00:45:19,515 - state_manager - WARNING - Poll cycle took 0.334s (exceeds 0.25s)
2025-11-08 00:45:19,880 - state_manager - WARNING - Poll cycle took 0.365s (exceeds 0.25s)
2025-11-08 00:45:20,230 - state_manager - WARNING - Poll cycle took 0.350s (exceeds 0.25s)
2025-11-08 00:45:20,594 - state_manager - WARNING - Poll cycle took 0.364s (exceeds 0.25s)
2025-11-08 00:45:20,944 - state_manager - WARNING - Poll cycle took 0.350s (exceeds 0.25s)
2025-11-08 00:45:21,303 - state_manager - WARNING - Poll cycle took 0.358s (exceeds 0.25s)
2025-11-08 00:45:21,653 - state_manager - WARNING - Poll cycle took 0.350s (exceeds 0.25s)
2025-11-08 00:45:21,996 - state_manager - WARNING - Poll cycle took 0.342s (exceeds 0.25s)
2025-11-08 00:45:22,346 - state_manager - WARNING - Poll cycle took 0.350s (exceeds 0.25s)
2025-11-08 00:45:22,688 - state_manager - WARNING - Poll cycle took 0.342s (exceeds 0.25s)
2025-11-08 00:45:23,031 - state_manager - WARNING - Poll cycle took 0.343s (exceeds 0.25s)
2025-11-08 00:45:23,373 - state_manager - WARNING - Poll cycle took 0.342s (exceeds 0.25s)
2025-11-08 00:45:23,716 - state_manager - WARNING - Poll cycle took 0.343s (exceeds 0.25s)
2025-11-08 00:45:24,044 - state_manager - WARNING - Poll cycle took 0.328s (exceeds 0.25s)
2025-11-08 00:45:24,402 - state_manager - WARNING - Poll cycle took 0.358s (exceeds 0.25s)
2025-11-08 00:45:24,752 - state_manager - WARNING - Poll cycle took 0.349s (exceeds 0.25s)
2025-11-08 00:45:25,080 - state_manager - WARNING - Poll cycle took 0.327s (exceeds 0.25s)
2025-11-08 00:45:25,416 - state_manager - WARNING - Poll cycle took 0.336s (exceeds 0.25s)
2025-11-08 00:45:25,780 - state_manager - WARNING - Poll cycle took 0.365s (exceeds 0.25s)
2025-11-08 00:45:26,130 - state_manager - WARNING - Poll cycle took 0.349s (exceeds 0.25s)
2025-11-08 00:45:26,479 - state_manager - WARNING - Poll cycle took 0.350s (exceeds 0.25s)
2025-11-08 00:45:26,815 - state_manager - WARNING - Poll cycle took 0.336s (exceeds 0.25s)
2025-11-08 00:45:27,158 - state_manager - WARNING - Poll cycle took 0.343s (exceeds 0.25s)
2025-11-08 00:45:27,501 - state_manager - WARNING - Poll cycle took 0.343s (exceeds 0.25s)
2025-11-08 00:45:27,836 - state_manager - WARNING - Poll cycle took 0.335s (exceeds 0.25s)
2025-11-08 00:45:28,179 - state_manager - WARNING - Poll cycle took 0.342s (exceeds 0.25s)
2025-11-08 00:45:28,515 - state_manager - WARNING - Poll cycle took 0.337s (exceeds 0.25s)
2025-11-08 00:45:28,850 - state_manager - WARNING - Poll cycle took 0.335s (exceeds 0.25s)
2025-11-08 00:45:29,200 - state_manager - WARNING - Poll cycle took 0.350s (exceeds 0.25s)
2025-11-08 00:45:29,528 - state_manager - WARNING - Poll cycle took 0.327s (exceeds 0.25s)
2025-11-08 00:45:29,863 - state_manager - WARNING - Poll cycle took 0.335s (exceeds 0.25s)
2025-11-08 00:45:30,206 - state_manager - WARNING - Poll cycle took 0.343s (exceeds 0.25s)
2025-11-08 00:45:30,555 - state_manager - WARNING - Poll cycle took 0.349s (exceeds 0.25s)
2025-11-08 00:45:30,906 - state_manager - WARNING - Poll cycle took 0.351s (exceeds 0.25s)
2025-11-08 00:45:31,249 - state_manager - WARNING - Poll cycle took 0.343s (exceeds 0.25s)
2025-11-08 00:45:31,606 - state_manager - WARNING - Poll cycle took 0.357s (exceeds 0.25s)
2025-11-08 00:45:31,949 - state_manager - WARNING - Poll cycle took 0.343s (exceeds 0.25s)
2025-11-08 00:45:32,270 - state_manager - WARNING - Poll cycle took 0.320s (exceeds 0.25s)
2025-11-08 00:45:32,613 - state_manager - WARNING - Poll cycle took 0.343s (exceeds 0.25s)
2025-11-08 00:45:32,955 - state_manager - WARNING - Poll cycle took 0.342s (exceeds 0.25s)
2025-11-08 00:45:33,297 - state_manager - WARNING - Poll cycle took 0.342s (exceeds 0.25s)
2025-11-08 00:45:33,618 - state_manager - WARNING - Poll cycle took 0.321s (exceeds 0.25s)
2025-11-08 00:45:33,946 - state_manager - WARNING - Poll cycle took 0.328s (exceeds 0.25s)
2025-11-08 00:45:34,289 - state_manager - WARNING - Poll cycle took 0.342s (exceeds 0.25s)
2025-11-08 00:45:34,639 - state_manager - WARNING - Poll cycle took 0.350s (exceeds 0.25s)
2025-11-08 00:45:34,996 - state_manager - WARNING - Poll cycle took 0.356s (exceeds 0.25s)
2025-11-08 00:45:35,323 - state_manager - WARNING - Poll cycle took 0.327s (exceeds 0.25s)
2025-11-08 00:45:35,659 - state_manager - WARNING - Poll cycle took 0.336s (exceeds 0.25s)
2025-11-08 00:45:35,988 - state_manager - WARNING - Poll cycle took 0.329s (exceeds 0.25s)
2025-11-08 00:45:36,323 - state_manager - WARNING - Poll cycle took 0.335s (exceeds 0.25s)
2025-11-08 00:45:36,665 - state_manager - WARNING - Poll cycle took 0.341s (exceeds 0.25s)
2025-11-08 00:45:37,008 - state_manager - WARNING - Poll cycle took 0.343s (exceeds 0.25s)
2025-11-08 00:45:37,337 - state_manager - WARNING - Poll cycle took 0.328s (exceeds 0.25s)
2025-11-08 00:45:37,679 - state_manager - WARNING - Poll cycle took 0.342s (exceeds 0.25s)
2025-11-08 00:45:38,021 - state_manager - WARNING - Poll cycle took 0.343s (exceeds 0.25s)
2025-11-08 00:45:38,372 - state_manager - WARNING - Poll cycle took 0.351s (exceeds 0.25s)
2025-11-08 00:45:38,714 - state_manager - WARNING - Poll cycle took 0.342s (exceeds 0.25s)
2025-11-08 00:45:39,043 - state_manager - WARNING - Poll cycle took 0.328s (exceeds 0.25s)
2025-11-08 00:45:39,385 - state_manager - WARNING - Poll cycle took 0.342s (exceeds 0.25s)
2025-11-08 00:45:39,720 - state_manager - WARNING - Poll cycle took 0.335s (exceeds 0.25s)
2025-11-08 00:45:40,063 - state_manager - WARNING - Poll cycle took 0.342s (exceeds 0.25s)
2025-11-08 00:45:40,406 - state_manager - WARNING - Poll cycle took 0.343s (exceeds 0.25s)
2025-11-08 00:45:40,748 - state_manager - WARNING - Poll cycle took 0.342s (exceeds 0.25s)
2025-11-08 00:45:41,069 - state_manager - WARNING - Poll cycle took 0.320s (exceeds 0.25s)
2025-11-08 00:45:41,404 - state_manager - WARNING - Poll cycle took 0.335s (exceeds 0.25s)
2025-11-08 00:45:41,754 - state_manager - WARNING - Poll cycle took 0.350s (exceeds 0.25s)
2025-11-08 00:45:42,104 - state_manager - WARNING - Poll cycle took 0.350s (exceeds 0.25s)
2025-11-08 00:45:42,462 - state_manager - WARNING - Poll cycle took 0.358s (exceeds 0.25s)
2025-11-08 00:45:42,805 - state_manager - WARNING - Poll cycle took 0.342s (exceeds 0.25s)
2025-11-08 00:45:43,132 - state_manager - WARNING - Poll cycle took 0.327s (exceeds 0.25s)
2025-11-08 00:45:43,475 - state_manager - WARNING - Poll cycle took 0.343s (exceeds 0.25s)
2025-11-08 00:45:43,810 - state_manager - WARNING - Poll cycle took 0.335s (exceeds 0.25s)
2025-11-08 00:45:44,161 - state_manager - WARNING - Poll cycle took 0.351s (exceeds 0.25s)
2025-11-08 00:45:44,503 - state_manager - WARNING - Poll cycle took 0.342s (exceeds 0.25s)
2025-11-08 00:45:44,824 - state_manager - WARNING - Poll cycle took 0.321s (exceeds 0.25s)
2025-11-08 00:45:45,167 - state_manager - WARNING - Poll cycle took 0.342s (exceeds 0.25s)
2025-11-08 00:45:45,509 - state_manager - WARNING - Poll cycle took 0.342s (exceeds 0.25s)
2025-11-08 00:45:45,858 - state_manager - WARNING - Poll cycle took 0.349s (exceeds 0.25s)
2025-11-08 00:45:46,180 - state_manager - WARNING - Poll cycle took 0.321s (exceeds 0.25s)
2025-11-08 00:45:46,522 - state_manager - WARNING - Poll cycle took 0.342s (exceeds 0.25s)
2025-11-08 00:45:46,866 - state_manager - WARNING - Poll cycle took 0.343s (exceeds 0.25s)
2025-11-08 00:45:47,209 - state_manager - WARNING - Poll cycle took 0.344s (exceeds 0.25s)
2025-11-08 00:45:47,558 - state_manager - WARNING - Poll cycle took 0.348s (exceeds 0.25s)
2025-11-08 00:45:47,903 - state_manager - WARNING - Poll cycle took 0.345s (exceeds 0.25s)
2025-11-08 00:45:48,259 - state_manager - WARNING - Poll cycle took 0.356s (exceeds 0.25s)
2025-11-08 00:45:48,602 - state_manager - WARNING - Poll cycle took 0.343s (exceeds 0.25s)
2025-11-08 00:45:48,937 - state_manager - WARNING - Poll cycle took 0.335s (exceeds 0.25s)
2025-11-08 00:45:49,295 - state_manager - WARNING - Poll cycle took 0.358s (exceeds 0.25s)
2025-11-08 00:45:49,637 - state_manager - WARNING - Poll cycle took 0.341s (exceeds 0.25s)
2025-11-08 00:45:49,979 - state_manager - WARNING - Poll cycle took 0.342s (exceeds 0.25s)
2025-11-08 00:45:50,323 - state_manager - WARNING - Poll cycle took 0.344s (exceeds 0.25s)
2025-11-08 00:45:50,672 - state_manager - WARNING - Poll cycle took 0.349s (exceeds 0.25s)
2025-11-08 00:45:51,000 - state_manager - WARNING - Poll cycle took 0.328s (exceeds 0.25s)
2025-11-08 00:45:51,343 - state_manager - WARNING - Poll cycle took 0.343s (exceeds 0.25s)
2025-11-08 00:45:51,700 - state_manager - WARNING - Poll cycle took 0.356s (exceeds 0.25s)
2025-11-08 00:45:52,036 - state_manager - WARNING - Poll cycle took 0.336s (exceeds 0.25s)
2025-11-08 00:45:52,378 - state_manager - WARNING - Poll cycle took 0.342s (exceeds 0.25s)
2025-11-08 00:45:52,735 - state_manager - WARNING - Poll cycle took 0.357s (exceeds 0.25s)
2025-11-08 00:45:53,064 - state_manager - WARNING - Poll cycle took 0.328s (exceeds 0.25s)
2025-11-08 00:45:53,400 - state_manager - WARNING - Poll cycle took 0.336s (exceeds 0.25s)
2025-11-08 00:45:53,721 - state_manager - WARNING - Poll cycle took 0.320s (exceeds 0.25s)
2025-11-08 00:45:54,063 - state_manager - WARNING - Poll cycle took 0.342s (exceeds 0.25s)
2025-11-08 00:45:54,428 - state_manager - WARNING - Poll cycle took 0.365s (exceeds 0.25s)
2025-11-08 00:45:54,777 - state_manager - WARNING - Poll cycle took 0.348s (exceeds 0.25s)
2025-11-08 00:45:55,119 - state_manager - WARNING - Poll cycle took 0.342s (exceeds 0.25s)
2025-11-08 00:45:55,462 - state_manager - WARNING - Poll cycle took 0.343s (exceeds 0.25s)
2025-11-08 00:45:55,782 - state_manager - WARNING - Poll cycle took 0.320s (exceeds 0.25s)
2025-11-08 00:45:56,125 - state_manager - WARNING - Poll cycle took 0.342s (exceeds 0.25s)
2025-11-08 00:45:56,446 - state_manager - WARNING - Poll cycle took 0.321s (exceeds 0.25s)
2025-11-08 00:45:56,788 - state_manager - WARNING - Poll cycle took 0.342s (exceeds 0.25s)
2025-11-08 00:45:57,132 - state_manager - WARNING - Poll cycle took 0.343s (exceeds 0.25s)
2025-11-08 00:45:57,481 - state_manager - WARNING - Poll cycle took 0.349s (exceeds 0.25s)
2025-11-08 00:45:57,846 - state_manager - WARNING - Poll cycle took 0.364s (exceeds 0.25s)
2025-11-08 00:45:58,203 - state_manager - WARNING - Poll cycle took 0.357s (exceeds 0.25s)
2025-11-08 00:45:58,546 - state_manager - WARNING - Poll cycle took 0.342s (exceeds 0.25s)
2025-11-08 00:45:58,889 - state_manager - WARNING - Poll cycle took 0.343s (exceeds 0.25s)
2025-11-08 00:45:59,246 - state_manager - WARNING - Poll cycle took 0.357s (exceeds 0.25s)
2025-11-08 00:45:59,589 - state_manager - WARNING - Poll cycle took 0.343s (exceeds 0.25s)
2025-11-08 00:45:59,925 - state_manager - WARNING - Poll cycle took 0.335s (exceeds 0.25s)
2025-11-08 00:46:00,282 - state_manager - WARNING - Poll cycle took 0.357s (exceeds 0.25s)
2025-11-08 00:46:00,624 - state_manager - WARNING - Poll cycle took 0.342s (exceeds 0.25s)
2025-11-08 00:46:00,952 - state_manager - WARNING - Poll cycle took 0.328s (exceeds 0.25s)
2025-11-08 00:46:01,325 - state_manager - WARNING - Poll cycle took 0.372s (exceeds 0.25s)
2025-11-08 00:46:01,674 - state_manager - WARNING - Poll cycle took 0.350s (exceeds 0.25s)
2025-11-08 00:46:02,018 - state_manager - WARNING - Poll cycle took 0.343s (exceeds 0.25s)
2025-11-08 00:46:02,360 - state_manager - WARNING - Poll cycle took 0.342s (exceeds 0.25s)
2025-11-08 00:46:02,719 - state_manager - WARNING - Poll cycle took 0.359s (exceeds 0.25s)
2025-11-08 00:46:03,055 - state_manager - WARNING - Poll cycle took 0.336s (exceeds 0.25s)
2025-11-08 00:46:03,397 - state_manager - WARNING - Poll cycle took 0.342s (exceeds 0.25s)
2025-11-08 00:46:03,740 - state_manager - WARNING - Poll cycle took 0.343s (exceeds 0.25s)
2025-11-08 00:46:04,083 - state_manager - WARNING - Poll cycle took 0.342s (exceeds 0.25s)
2025-11-08 00:46:04,402 - state_manager - WARNING - Poll cycle took 0.319s (exceeds 0.25s)
2025-11-08 00:46:04,744 - state_manager - WARNING - Poll cycle took 0.342s (exceeds 0.25s)
2025-11-08 00:46:05,088 - state_manager - WARNING - Poll cycle took 0.344s (exceeds 0.25s)
2025-11-08 00:46:05,431 - state_manager - WARNING - Poll cycle took 0.342s (exceeds 0.25s)
2025-11-08 00:46:05,735 - state_manager - WARNING - Poll cycle took 0.304s (exceeds 0.25s)
2025-11-08 00:46:06,086 - state_manager - WARNING - Poll cycle took 0.351s (exceeds 0.25s)
2025-11-08 00:46:06,428 - state_manager - WARNING - Poll cycle took 0.342s (exceeds 0.25s)
2025-11-08 00:46:06,772 - state_manager - WARNING - Poll cycle took 0.343s (exceeds 0.25s)
2025-11-08 00:46:07,099 - state_manager - WARNING - Poll cycle took 0.328s (exceeds 0.25s)
2025-11-08 00:46:07,442 - state_manager - WARNING - Poll cycle took 0.342s (exceeds 0.25s)
2025-11-08 00:46:07,763 - state_manager - WARNING - Poll cycle took 0.320s (exceeds 0.25s)
2025-11-08 00:46:08,091 - state_manager - WARNING - Poll cycle took 0.328s (exceeds 0.25s)
2025-11-08 00:46:08,433 - state_manager - WARNING - Poll cycle took 0.342s (exceeds 0.25s)
2025-11-08 00:46:08,769 - state_manager - WARNING - Poll cycle took 0.335s (exceeds 0.25s)
2025-11-08 00:46:09,111 - state_manager - WARNING - Poll cycle took 0.343s (exceeds 0.25s)
2025-11-08 00:46:09,447 - state_manager - WARNING - Poll cycle took 0.335s (exceeds 0.25s)
2025-11-08 00:46:09,797 - state_manager - WARNING - Poll cycle took 0.350s (exceeds 0.25s)
2025-11-08 00:46:10,133 - state_manager - WARNING - Poll cycle took 0.336s (exceeds 0.25s)
2025-11-08 00:46:10,445 - state_manager - WARNING - Poll cycle took 0.312s (exceeds 0.25s)
2025-11-08 00:46:10,795 - state_manager - WARNING - Poll cycle took 0.350s (exceeds 0.25s)
2025-11-08 00:46:11,123 - state_manager - WARNING - Poll cycle took 0.328s (exceeds 0.25s)
2025-11-08 00:46:11,451 - state_manager - WARNING - Poll cycle took 0.328s (exceeds 0.25s)
2025-11-08 00:46:11,779 - state_manager - WARNING - Poll cycle took 0.327s (exceeds 0.25s)
2025-11-08 00:46:12,129 - state_manager - WARNING - Poll cycle took 0.351s (exceeds 0.25s)
2025-11-08 00:46:12,472 - state_manager - WARNING - Poll cycle took 0.342s (exceeds 0.25s)
2025-11-08 00:46:12,807 - state_manager - WARNING - Poll cycle took 0.335s (exceeds 0.25s)
2025-11-08 00:46:13,150 - state_manager - WARNING - Poll cycle took 0.342s (exceeds 0.25s)
2025-11-08 00:46:13,477 - state_manager - WARNING - Poll cycle took 0.328s (exceeds 0.25s)
2025-11-08 00:46:13,821 - state_manager - WARNING - Poll cycle took 0.343s (exceeds 0.25s)
2025-11-08 00:46:14,163 - state_manager - WARNING - Poll cycle took 0.342s (exceeds 0.25s)
2025-11-08 00:46:14,505 - state_manager - WARNING - Poll cycle took 0.342s (exceeds 0.25s)
2025-11-08 00:46:14,842 - state_manager - WARNING - Poll cycle took 0.336s (exceeds 0.25s)
2025-11-08 00:46:15,162 - state_manager - WARNING - Poll cycle took 0.320s (exceeds 0.25s)
2025-11-08 00:46:15,506 - state_manager - WARNING - Poll cycle took 0.343s (exceeds 0.25s)
2025-11-08 00:46:15,847 - state_manager - WARNING - Poll cycle took 0.341s (exceeds 0.25s)
2025-11-08 00:46:16,190 - state_manager - WARNING - Poll cycle took 0.344s (exceeds 0.25s)
2025-11-08 00:46:16,519 - state_manager - WARNING - Poll cycle took 0.328s (exceeds 0.25s)
2025-11-08 00:46:16,875 - state_manager - WARNING - Poll cycle took 0.357s (exceeds 0.25s)
2025-11-08 00:46:17,196 - state_manager - WARNING - Poll cycle took 0.320s (exceeds 0.25s)
2025-11-08 00:46:17,546 - state_manager - WARNING - Poll cycle took 0.351s (exceeds 0.25s)
2025-11-08 00:46:17,881 - state_manager - WARNING - Poll cycle took 0.335s (exceeds 0.25s)
2025-11-08 00:46:18,232 - state_manager - WARNING - Poll cycle took 0.350s (exceeds 0.25s)
2025-11-08 00:46:18,574 - state_manager - WARNING - Poll cycle took 0.341s (exceeds 0.25s)
2025-11-08 00:46:18,901 - state_manager - WARNING - Poll cycle took 0.327s (exceeds 0.25s)
2025-11-08 00:46:19,260 - state_manager - WARNING - Poll cycle took 0.359s (exceeds 0.25s)
2025-11-08 00:46:19,596 - state_manager - WARNING - Poll cycle took 0.335s (exceeds 0.25s)
2025-11-08 00:46:19,952 - state_manager - WARNING - Poll cycle took 0.357s (exceeds 0.25s)
2025-11-08 00:46:20,272 - state_manager - WARNING - Poll cycle took 0.320s (exceeds 0.25s)
2025-11-08 00:46:20,608 - state_manager - WARNING - Poll cycle took 0.336s (exceeds 0.25s)
2025-11-08 00:46:20,936 - state_manager - WARNING - Poll cycle took 0.327s (exceeds 0.25s)
2025-11-08 00:46:21,286 - state_manager - WARNING - Poll cycle took 0.350s (exceeds 0.25s)
2025-11-08 00:46:21,643 - state_manager - WARNING - Poll cycle took 0.357s (exceeds 0.25s)
2025-11-08 00:46:21,986 - state_manager - WARNING - Poll cycle took 0.343s (exceeds 0.25s)
2025-11-08 00:46:22,321 - state_manager - WARNING - Poll cycle took 0.335s (exceeds 0.25s)
2025-11-08 00:46:22,665 - state_manager - WARNING - Poll cycle took 0.343s (exceeds 0.25s)
2025-11-08 00:46:23,006 - state_manager - WARNING - Poll cycle took 0.341s (exceeds 0.25s)
2025-11-08 00:46:23,350 - state_manager - WARNING - Poll cycle took 0.343s (exceeds 0.25s)
2025-11-08 00:46:23,693 - state_manager - WARNING - Poll cycle took 0.343s (exceeds 0.25s)
2025-11-08 00:46:24,027 - state_manager - WARNING - Poll cycle took 0.334s (exceeds 0.25s)
2025-11-08 00:46:24,371 - state_manager - WARNING - Poll cycle took 0.343s (exceeds 0.25s)
2025-11-08 00:46:24,721 - state_manager - WARNING - Poll cycle took 0.350s (exceeds 0.25s)
2025-11-08 00:46:25,048 - state_manager - WARNING - Poll cycle took 0.327s (exceeds 0.25s)
2025-11-08 00:46:25,405 - state_manager - WARNING - Poll cycle took 0.357s (exceeds 0.25s)
2025-11-08 00:46:25,748 - state_manager - WARNING - Poll cycle took 0.343s (exceeds 0.25s)
2025-11-08 00:46:26,099 - state_manager - WARNING - Poll cycle took 0.351s (exceeds 0.25s)
2025-11-08 00:46:26,441 - state_manager - WARNING - Poll cycle took 0.342s (exceeds 0.25s)
2025-11-08 00:46:26,762 - state_manager - WARNING - Poll cycle took 0.320s (exceeds 0.25s)
2025-11-08 00:46:27,111 - state_manager - WARNING - Poll cycle took 0.349s (exceeds 0.25s)
2025-11-08 00:46:27,454 - state_manager - WARNING - Poll cycle took 0.342s (exceeds 0.25s)
2025-11-08 00:46:27,812 - state_manager - WARNING - Poll cycle took 0.358s (exceeds 0.25s)
2025-11-08 00:46:28,118 - state_manager - WARNING - Poll cycle took 0.306s (exceeds 0.25s)
2025-11-08 00:46:28,461 - state_manager - WARNING - Poll cycle took 0.343s (exceeds 0.25s)
2025-11-08 00:46:28,803 - state_manager - WARNING - Poll cycle took 0.342s (exceeds 0.25s)
2025-11-08 00:46:29,139 - state_manager - WARNING - Poll cycle took 0.335s (exceeds 0.25s)
2025-11-08 00:46:29,481 - state_manager - WARNING - Poll cycle took 0.342s (exceeds 0.25s)
2025-11-08 00:46:29,825 - state_manager - WARNING - Poll cycle took 0.343s (exceeds 0.25s)
2025-11-08 00:46:30,160 - state_manager - WARNING - Poll cycle took 0.335s (exceeds 0.25s)
2025-11-08 00:46:30,517 - state_manager - WARNING - Poll cycle took 0.358s (exceeds 0.25s)
2025-11-08 00:46:30,845 - state_manager - WARNING - Poll cycle took 0.328s (exceeds 0.25s)
2025-11-08 00:46:31,203 - state_manager - WARNING - Poll cycle took 0.357s (exceeds 0.25s)
2025-11-08 00:46:31,538 - state_manager - WARNING - Poll cycle took 0.335s (exceeds 0.25s)
2025-11-08 00:46:31,880 - state_manager - WARNING - Poll cycle took 0.341s (exceeds 0.25s)
2025-11-08 00:46:32,223 - state_manager - WARNING - Poll cycle took 0.343s (exceeds 0.25s)
2025-11-08 00:46:32,565 - state_manager - WARNING - Poll cycle took 0.343s (exceeds 0.25s)
2025-11-08 00:46:32,923 - state_manager - WARNING - Poll cycle took 0.357s (exceeds 0.25s)
2025-11-08 00:46:33,244 - state_manager - WARNING - Poll cycle took 0.321s (exceeds 0.25s)
2025-11-08 00:46:33,587 - state_manager - WARNING - Poll cycle took 0.343s (exceeds 0.25s)
2025-11-08 00:46:33,937 - state_manager - WARNING - Poll cycle took 0.350s (exceeds 0.25s)
2025-11-08 00:46:34,266 - state_manager - WARNING - Poll cycle took 0.329s (exceeds 0.25s)
2025-11-08 00:46:34,600 - state_manager - WARNING - Poll cycle took 0.334s (exceeds 0.25s)
2025-11-08 00:46:34,935 - state_manager - WARNING - Poll cycle took 0.335s (exceeds 0.25s)
2025-11-08 00:46:35,256 - state_manager - WARNING - Poll cycle took 0.321s (exceeds 0.25s)
2025-11-08 00:46:35,599 - state_manager - WARNING - Poll cycle took 0.343s (exceeds 0.25s)
2025-11-08 00:46:35,928 - state_manager - WARNING - Poll cycle took 0.329s (exceeds 0.25s)
2025-11-08 00:46:36,285 - state_manager - WARNING - Poll cycle took 0.357s (exceeds 0.25s)
2025-11-08 00:46:36,635 - state_manager - WARNING - Poll cycle took 0.350s (exceeds 0.25s)
2025-11-08 00:46:36,963 - state_manager - WARNING - Poll cycle took 0.328s (exceeds 0.25s)
2025-11-08 00:46:37,320 - state_manager - WARNING - Poll cycle took 0.357s (exceeds 0.25s)
2025-11-08 00:46:37,663 - state_manager - WARNING - Poll cycle took 0.343s (exceeds 0.25s)
2025-11-08 00:46:37,983 - state_manager - WARNING - Poll cycle took 0.320s (exceeds 0.25s)
2025-11-08 00:46:38,310 - state_manager - WARNING - Poll cycle took 0.327s (exceeds 0.25s)
2025-11-08 00:46:38,654 - state_manager - WARNING - Poll cycle took 0.343s (exceeds 0.25s)
2025-11-08 00:46:38,974 - state_manager - WARNING - Poll cycle took 0.320s (exceeds 0.25s)
2025-11-08 00:46:39,317 - state_manager - WARNING - Poll cycle took 0.343s (exceeds 0.25s)
2025-11-08 00:46:39,651 - state_manager - WARNING - Poll cycle took 0.334s (exceeds 0.25s)
2025-11-08 00:46:39,979 - state_manager - WARNING - Poll cycle took 0.328s (exceeds 0.25s)
2025-11-08 00:46:40,323 - state_manager - WARNING - Poll cycle took 0.344s (exceeds 0.25s)
2025-11-08 00:46:40,681 - state_manager - WARNING - Poll cycle took 0.358s (exceeds 0.25s)
2025-11-08 00:46:41,009 - state_manager - WARNING - Poll cycle took 0.328s (exceeds 0.25s)
2025-11-08 00:46:41,351 - state_manager - WARNING - Poll cycle took 0.342s (exceeds 0.25s)
2025-11-08 00:46:41,701 - state_manager - WARNING - Poll cycle took 0.350s (exceeds 0.25s)
2025-11-08 00:46:42,059 - state_manager - WARNING - Poll cycle took 0.358s (exceeds 0.25s)
2025-11-08 00:46:42,410 - state_manager - WARNING - Poll cycle took 0.350s (exceeds 0.25s)
2025-11-08 00:46:42,751 - state_manager - WARNING - Poll cycle took 0.340s (exceeds 0.25s)
2025-11-08 00:46:43,102 - state_manager - WARNING - Poll cycle took 0.350s (exceeds 0.25s)
2025-11-08 00:46:43,436 - state_manager - WARNING - Poll cycle took 0.333s (exceeds 0.25s)
2025-11-08 00:46:43,779 - state_manager - WARNING - Poll cycle took 0.342s (exceeds 0.25s)
2025-11-08 00:46:44,107 - state_manager - WARNING - Poll cycle took 0.328s (exceeds 0.25s)
2025-11-08 00:46:44,465 - state_manager - WARNING - Poll cycle took 0.357s (exceeds 0.25s)
2025-11-08 00:46:44,814 - state_manager - WARNING - Poll cycle took 0.349s (exceeds 0.25s)
2025-11-08 00:46:45,164 - state_manager - WARNING - Poll cycle took 0.350s (exceeds 0.25s)
2025-11-08 00:46:45,507 - state_manager - WARNING - Poll cycle took 0.343s (exceeds 0.25s)
2025-11-08 00:46:45,857 - state_manager - WARNING - Poll cycle took 0.349s (exceeds 0.25s)
2025-11-08 00:46:46,200 - state_manager - WARNING - Poll cycle took 0.343s (exceeds 0.25s)
2025-11-08 00:46:46,536 - state_manager - WARNING - Poll cycle took 0.336s (exceeds 0.25s)
2025-11-08 00:46:46,878 - state_manager - WARNING - Poll cycle took 0.342s (exceeds 0.25s)
2025-11-08 00:46:47,220 - state_manager - WARNING - Poll cycle took 0.342s (exceeds 0.25s)
2025-11-08 00:46:47,556 - state_manager - WARNING - Poll cycle took 0.336s (exceeds 0.25s)
2025-11-08 00:46:47,914 - state_manager - WARNING - Poll cycle took 0.357s (exceeds 0.25s)
2025-11-08 00:46:48,242 - state_manager - WARNING - Poll cycle took 0.328s (exceeds 0.25s)
2025-11-08 00:46:48,598 - state_manager - WARNING - Poll cycle took 0.356s (exceeds 0.25s)
2025-11-08 00:46:48,941 - state_manager - WARNING - Poll cycle took 0.343s (exceeds 0.25s)
2025-11-08 00:46:49,262 - state_manager - WARNING - Poll cycle took 0.320s (exceeds 0.25s)
2025-11-08 00:46:49,612 - state_manager - WARNING - Poll cycle took 0.350s (exceeds 0.25s)
2025-11-08 00:46:49,955 - state_manager - WARNING - Poll cycle took 0.343s (exceeds 0.25s)
2025-11-08 00:46:50,282 - state_manager - WARNING - Poll cycle took 0.328s (exceeds 0.25s)
2025-11-08 00:46:50,619 - state_manager - WARNING - Poll cycle took 0.336s (exceeds 0.25s)
2025-11-08 00:46:50,939 - state_manager - WARNING - Poll cycle took 0.319s (exceeds 0.25s)
2025-11-08 00:46:51,274 - state_manager - WARNING - Poll cycle took 0.335s (exceeds 0.25s)
2025-11-08 00:46:51,595 - state_manager - WARNING - Poll cycle took 0.321s (exceeds 0.25s)
2025-11-08 00:46:51,960 - state_manager - WARNING - Poll cycle took 0.365s (exceeds 0.25s)
2025-11-08 00:46:52,295 - state_manager - WARNING - Poll cycle took 0.335s (exceeds 0.25s)
2025-11-08 00:46:52,637 - state_manager - WARNING - Poll cycle took 0.342s (exceeds 0.25s)
2025-11-08 00:46:52,996 - state_manager - WARNING - Poll cycle took 0.359s (exceeds 0.25s)
2025-11-08 00:46:53,338 - state_manager - WARNING - Poll cycle took 0.342s (exceeds 0.25s)
2025-11-08 00:46:53,680 - state_manager - WARNING - Poll cycle took 0.342s (exceeds 0.25s)
2025-11-08 00:46:54,030 - state_manager - WARNING - Poll cycle took 0.350s (exceeds 0.25s)
2025-11-08 00:46:54,372 - state_manager - WARNING - Poll cycle took 0.342s (exceeds 0.25s)
2025-11-08 00:46:54,700 - state_manager - WARNING - Poll cycle took 0.328s (exceeds 0.25s)
2025-11-08 00:46:55,036 - state_manager - WARNING - Poll cycle took 0.336s (exceeds 0.25s)
2025-11-08 00:46:55,357 - state_manager - WARNING - Poll cycle took 0.320s (exceeds 0.25s)
2025-11-08 00:46:55,700 - state_manager - WARNING - Poll cycle took 0.343s (exceeds 0.25s)
2025-11-08 00:46:56,049 - state_manager - WARNING - Poll cycle took 0.349s (exceeds 0.25s)
2025-11-08 00:46:56,401 - state_manager - WARNING - Poll cycle took 0.351s (exceeds 0.25s)
2025-11-08 00:46:56,734 - state_manager - WARNING - Poll cycle took 0.333s (exceeds 0.25s)
2025-11-08 00:46:57,085 - state_manager - WARNING - Poll cycle took 0.351s (exceeds 0.25s)
2025-11-08 00:46:57,428 - state_manager - WARNING - Poll cycle took 0.343s (exceeds 0.25s)
2025-11-08 00:46:57,779 - state_manager - WARNING - Poll cycle took 0.350s (exceeds 0.25s)
2025-11-08 00:46:58,121 - state_manager - WARNING - Poll cycle took 0.341s (exceeds 0.25s)
2025-11-08 00:46:58,456 - state_manager - WARNING - Poll cycle took 0.335s (exceeds 0.25s)
2025-11-08 00:46:58,791 - state_manager - WARNING - Poll cycle took 0.335s (exceeds 0.25s)
2025-11-08 00:46:59,127 - state_manager - WARNING - Poll cycle took 0.336s (exceeds 0.25s)
2025-11-08 00:46:59,470 - state_manager - WARNING - Poll cycle took 0.343s (exceeds 0.25s)
2025-11-08 00:46:59,812 - state_manager - WARNING - Poll cycle took 0.341s (exceeds 0.25s)
2025-11-08 00:47:00,155 - state_manager - WARNING - Poll cycle took 0.343s (exceeds 0.25s)
2025-11-08 00:47:00,477 - state_manager - WARNING - Poll cycle took 0.322s (exceeds 0.25s)
2025-11-08 00:47:00,818 - state_manager - WARNING - Poll cycle took 0.341s (exceeds 0.25s)
2025-11-08 00:47:01,176 - state_manager - WARNING - Poll cycle took 0.358s (exceeds 0.25s)
2025-11-08 00:47:01,511 - state_manager - WARNING - Poll cycle took 0.335s (exceeds 0.25s)
2025-11-08 00:47:01,869 - state_manager - WARNING - Poll cycle took 0.358s (exceeds 0.25s)
2025-11-08 00:47:02,196 - state_manager - WARNING - Poll cycle took 0.327s (exceeds 0.25s)
2025-11-08 00:47:02,561 - state_manager - WARNING - Poll cycle took 0.365s (exceeds 0.25s)
2025-11-08 00:47:02,905 - state_manager - WARNING - Poll cycle took 0.343s (exceeds 0.25s)
2025-11-08 00:47:03,246 - state_manager - WARNING - Poll cycle took 0.342s (exceeds 0.25s)
2025-11-08 00:47:03,590 - state_manager - WARNING - Poll cycle took 0.343s (exceeds 0.25s)
2025-11-08 00:47:03,940 - state_manager - WARNING - Poll cycle took 0.350s (exceeds 0.25s)
2025-11-08 00:47:04,282 - state_manager - WARNING - Poll cycle took 0.342s (exceeds 0.25s)
2025-11-08 00:47:04,611 - state_manager - WARNING - Poll cycle took 0.329s (exceeds 0.25s)
2025-11-08 00:47:04,968 - state_manager - WARNING - Poll cycle took 0.357s (exceeds 0.25s)
2025-11-08 00:47:05,311 - state_manager - WARNING - Poll cycle took 0.343s (exceeds 0.25s)
2025-11-08 00:47:05,661 - state_manager - WARNING - Poll cycle took 0.350s (exceeds 0.25s)
2025-11-08 00:47:05,989 - state_manager - WARNING - Poll cycle took 0.327s (exceeds 0.25s)
2025-11-08 00:47:06,346 - state_manager - WARNING - Poll cycle took 0.357s (exceeds 0.25s)
2025-11-08 00:47:06,667 - state_manager - WARNING - Poll cycle took 0.321s (exceeds 0.25s)
2025-11-08 00:47:07,008 - state_manager - WARNING - Poll cycle took 0.342s (exceeds 0.25s)
2025-11-08 00:47:07,338 - state_manager - WARNING - Poll cycle took 0.329s (exceeds 0.25s)
2025-11-08 00:47:07,694 - state_manager - WARNING - Poll cycle took 0.356s (exceeds 0.25s)
2025-11-08 00:47:08,037 - state_manager - WARNING - Poll cycle took 0.343s (exceeds 0.25s)
2025-11-08 00:47:08,388 - state_manager - WARNING - Poll cycle took 0.351s (exceeds 0.25s)
2025-11-08 00:47:08,700 - state_manager - WARNING - Poll cycle took 0.313s (exceeds 0.25s)
2025-11-08 00:47:09,050 - state_manager - WARNING - Poll cycle took 0.350s (exceeds 0.25s)
2025-11-08 00:47:09,393 - state_manager - WARNING - Poll cycle took 0.343s (exceeds 0.25s)
2025-11-08 00:47:09,736 - state_manager - WARNING - Poll cycle took 0.343s (exceeds 0.25s)
2025-11-08 00:47:10,093 - state_manager - WARNING - Poll cycle took 0.357s (exceeds 0.25s)
2025-11-08 00:47:10,436 - state_manager - WARNING - Poll cycle took 0.343s (exceeds 0.25s)
2025-11-08 00:47:10,793 - state_manager - WARNING - Poll cycle took 0.357s (exceeds 0.25s)
2025-11-08 00:47:11,144 - state_manager - WARNING - Poll cycle took 0.350s (exceeds 0.25s)
2025-11-08 00:47:11,471 - state_manager - WARNING - Poll cycle took 0.328s (exceeds 0.25s)
2025-11-08 00:47:11,815 - state_manager - WARNING - Poll cycle took 0.343s (exceeds 0.25s)
2025-11-08 00:47:12,172 - state_manager - WARNING - Poll cycle took 0.357s (exceeds 0.25s)
2025-11-08 00:47:12,515 - state_manager - WARNING - Poll cycle took 0.342s (exceeds 0.25s)
2025-11-08 00:47:12,857 - state_manager - WARNING - Poll cycle took 0.343s (exceeds 0.25s)
2025-11-08 00:47:13,193 - state_manager - WARNING - Poll cycle took 0.335s (exceeds 0.25s)
2025-11-08 00:47:13,520 - state_manager - WARNING - Poll cycle took 0.327s (exceeds 0.25s)
2025-11-08 00:47:13,863 - state_manager - WARNING - Poll cycle took 0.343s (exceeds 0.25s)
2025-11-08 00:47:14,206 - state_manager - WARNING - Poll cycle took 0.343s (exceeds 0.25s)
2025-11-08 00:47:14,526 - state_manager - WARNING - Poll cycle took 0.320s (exceeds 0.25s)
2025-11-08 00:47:14,877 - state_manager - WARNING - Poll cycle took 0.351s (exceeds 0.25s)
2025-11-08 00:47:15,219 - state_manager - WARNING - Poll cycle took 0.341s (exceeds 0.25s)
2025-11-08 00:47:15,569 - state_manager - WARNING - Poll cycle took 0.350s (exceeds 0.25s)
2025-11-08 00:47:15,934 - state_manager - WARNING - Poll cycle took 0.365s (exceeds 0.25s)
2025-11-08 00:47:16,278 - state_manager - WARNING - Poll cycle took 0.343s (exceeds 0.25s)
2025-11-08 00:47:16,620 - state_manager - WARNING - Poll cycle took 0.342s (exceeds 0.25s)
2025-11-08 00:47:16,948 - state_manager - WARNING - Poll cycle took 0.327s (exceeds 0.25s)
