	LD	00a0
	AND	00a6
	ANDN	02ff
	MONOA	0260

	LD	00f7
	CALL	ROT0

	LD	00f7
	CALL	ROT1

	LD	00f7
	CALL	ROT2

	LD	00f7
	CALL	ROT3

	LD	00f7
	CALL	ROT4

	LD	0300
	AND	00f4
	LD	0302
	AND	00f3
	ORLD
	LDN	02ff
	ANDN	02ff
	ORLD
	OUT	00c5

	LD	00f7
	SUB	0858 0842 0840

	LD	00f7
	SUB	0858 0848 0846

	LD	00f7
	SUB	0858 0852 0850

	LD	0210
	OR	00f5
	MOVK	0858 0020

	LD	0190
	AND	0200
	LD	0191
	AND	0201
	ORLD
	ANDN	0300
	LD	0301
	ORN	02ff
	SETR	0300

	LD	0300
	CMP	04d6 0944

	LD	0300
	AND	00f9
	LD	0300
	AND	00f8
	ORLD
	LD	0302
	SETR	0301

	LD	0301
	LD	0304
	OR	0308
	SETR	0302

	LD	0302
	CMP	04d6 0942

	LD	0302
	AND	00f9
	LD	0302
	AND	00f8
	AND	00f8
	ORLD
	LD	0302
	AND	0105
	AND	00fa
	ORLD
	LD	0304
	OR	0308
	SETR	0303

	LD	0303
	AND	0190
	LD	0210
	SETR	0304

	LD	0303
	AND	0191
	LD	0210
	SETR	0308

	LD	0304
	OR	0308
	LD	0304
	OR	0308
	TMR	0005

	LD	0005
	MONOA	0210

	LD	0210
	MOVK	04d6 0000

	LD	0210
	LD	0200
	OR	0201
	AND	0105
	SETR	0305

	LD	0305
	AND	0105
	MONOA	0215

	LD	00f7
	JMP	FINAL

