	LD	0102
	AND	0102
	ANDN	0191
	LD	0305
	AND	02ff
	AND	0191
	ORLD
	LD	0181
	LD	0304
	AND	0180
	ORLD
	LD	0105
	ANDN	0102
	ORLD
	LDN	0102
	ANDN	02ff
	ORLD
	LD	0103
	AND	0105
	ORLD
	LDN	0106
	ANDN	0106
	ORLD
	SETR	0180

	LD	0102
	OR	0210
	AND	02ff
	ANDN	0191
	MONOA	0200

	LD	0104
	AND	0104
	ANDN	0190
	LD	0305
	AND	02ff
	AND	0190
	ORLD
	LD	0180
	LD	0308
	AND	0181
	ORLD
	LD	0105
	ANDN	0104
	ORLD
	LDN	0104
	ANDN	02ff
	ORLD
	LD	0103
	AND	0105
	ORLD
	LDN	0106
	ANDN	0106
	ORLD
	SETR	0181

	LD	0104
	OR	0210
	AND	02ff
	ANDN	0190
	MONOA	0201

	LD	0103
	AND	02ff
	ANDN	0190
	ANDN	0180
	ANDN	0181
	OR	00f5
	AND	0105
	AND	0380
	MONOA	0290

	LD	0290
	LD	0291
	ORN	02ff
	SETR	0190

	LD	0103
	AND	02ff
	ANDN	0191
	ANDN	0180
	ANDN	0181
	AND	0105
	AND	0380
	MONOA	0291

	LD	0291
	LD	0290
	ORN	02ff
	SETR	0191

	LD	02ff
	AND	0190
	OUT	00c3

	LD	02ff
	AND	0191
	OUT	00c4

	RET

