	LDN	0041
	LD	00f7
	LD	0363
	LD	0260
	OR	0363
	OR	00f5
	SFR	0360 0363

	LD	0360
	LD	0363
	ORN	02ff
	OR	00f5
	SETR	0041

	LDN	0103
	ANDN	0103
	ANDN	02ff
	LD	0360
	AND	0300
	AND	02ff
	ORLD
	LD	00f5
	AND	00f5
	AND	00f5
	ORLD
	MONOA	0370

	LD	0370
	LDN	02ff
	ANDN	0103
	ANDN	02fa
	ORLD
	LD	00f5
	AND	00f5
	AND	00f5
	ORLD
	MOVK	06e0 0527

	LD	0360
	MOVK	0900 0001

	LD	0361
	AND	0300
	AND	02ff
	MONOA	0371

	LD	0371
	LDN	02ff
	ANDN	0103
	AND	02fa
	ORLD
	MOVK	06e0 1055

	LD	0361
	MOVK	0900 0002

	LD	0362
	AND	0300
	AND	02ff
	MONOA	0372

	LD	0372
	MOVK	06e0 1583

	LD	0362
	MOVK	0900 0003

	LD	0360
	OR	0361
	OR	0362
	AND	0302
	MONOA	0373

	LD	0373
	LDN	02ff
	AND	0103
	AND	0102
	ORLD
	LDN	02ff
	AND	0103
	AND	0104
	ORLD
	MOVK	06e0 0140

	LD	00a9
	AND	00a8
	ANDN	02fa
	LD	00a9
	AND	00a8
	LD	00f5
	AND	00f5
	ORLD
	LD	02ff
	AND	02ff
	ORLD
	AND	02fa
	SETR	02fa

	RET

