	LD	00f7
	MOV	05f0 05f0

	LD	00f7
	LD	0215
	CNT	001b

	LD	00f7
	CMP	0476 0960

	LD	00f9
	LD	0381
	OR	00f5
	SETR	0380

	LD	00f7
	CMP	0476 0962

	LD	00f9
	LD	0382
	OR	00f5
	SETR	0381

	LD	00f7
	CMP	0476 0964

	LD	00f9
	LD	0383
	OR	00f5
	SETR	0382

	LD	00f7
	CMP	0476 0966

	LD	00f9
	LD	0385
	OR	00f5
	SETR	0383

	LD	0383
	AND	0105
	LD	00f5
	AND	00f5
	ORLD
	MOVK	0476 0001

	LD	0383
	OUT	0385

	LD	0380
	MOV	0842 0942

	LD	0380
	MOV	0840 0944

	LD	0381
	MOV	0848 0942

	LD	0381
	MOV	0846 0944

	LD	0382
	MOV	0852 0942

	LD	0382
	MOV	0850 0944

	LD	02ff
	AND	0380
	AND	00f4
	OUT	00c0

	LD	02ff
	AND	0381
	AND	00f4
	OUT	00c1

	LD	02ff
	AND	0382
	AND	00f4
	OUT	00c2

	RET

